# JRE version: OpenJDK Runtime Environment Temurin-21.0.7+6 (21.0.7+6) (build 21.0.7+6-LTS)
# Java VM: OpenJDK 64-Bit Server VM Temurin-21.0.7+6 (21.0.7+6-LTS, mixed mode, sharing, tiered, compressed oops, compressed class ptrs, parallel gc, windows-amd64)
GC Precious Log:
 CardTable entry size: 512
 CPUs: 8 total, 8 available
 Memory: 7886M
 Large Page Support: Disabled
 NUMA Support: Disabled
 Compressed Oops: Enabled (32-bit)
 Alignments: Space 512K, Generation 512K, Heap 2M
 Heap Min Capacity: 100M
 Heap Initial Capacity: 100M
 Heap Max Capacity: 1G
 Pre-touch: Disabled
 Parallel Workers: 8
Heap:
 PSYoungGen      total 3584K, used 2098K [0x00000000eab00000, 0x00000000eb080000, 0x0000000100000000)
  eden space 2048K, 43% used [0x00000000eab00000,0x00000000eabdc9b8,0x00000000ead00000)
  from space 1536K, 79% used [0x00000000eaf00000,0x00000000eb030000,0x00000000eb080000)
  to   space 1536K, 0% used [0x00000000ead80000,0x00000000ead80000,0x00000000eaf00000)
 ParOldGen       total 338944K, used 338725K [0x00000000c0000000, 0x00000000d4b00000, 0x00000000eab00000)
  object space 338944K, 99% used [0x00000000c0000000,0x00000000d4ac9408,0x00000000d4b00000)
 Metaspace       used 71847K, committed 73472K, reserved 1179648K
  class space    used 7277K, committed 8000K, reserved 1048576K
GC Heap History (20 events):
Event: 78.526 GC heap before
{Heap before GC invocations=1147 (full 4):
 PSYoungGen      total 7680K, used 7200K [0x00000000eab00000, 0x00000000eb980000, 0x0000000100000000)
  eden space 3584K, 100% used [0x00000000eab00000,0x00000000eae80000,0x00000000eae80000)
  from space 4096K, 88% used [0x00000000eb580000,0x00000000eb908000,0x00000000eb980000)
  to   space 4608K, 0% used [0x00000000eb080000,0x00000000eb080000,0x00000000eb500000)
 ParOldGen       total 319488K, used 319063K [0x00000000c0000000, 0x00000000d3800000, 0x00000000eab00000)
  object space 319488K, 99% used [0x00000000c0000000,0x00000000d3795f48,0x00000000d3800000)
 Metaspace       used 71845K, committed 73472K, reserved 1179648K
  class space    used 7277K, committed 8000K, reserved 1048576K
}
Event: 78.538 GC heap after
{Heap after GC invocations=1147 (full 4):
 PSYoungGen      total 7680K, used 3648K [0x00000000eab00000, 0x00000000eb680000, 0x0000000100000000)
  eden space 3584K, 0% used [0x00000000eab00000,0x00000000eab00000,0x00000000eae80000)
  from space 4096K, 89% used [0x00000000eb080000,0x00000000eb410000,0x00000000eb480000)
  to   space 2048K, 0% used [0x00000000eb480000,0x00000000eb480000,0x00000000eb680000)
 ParOldGen       total 323072K, used 322687K [0x00000000c0000000, 0x00000000d3b80000, 0x00000000eab00000)
  object space 323072K, 99% used [0x00000000c0000000,0x00000000d3b1ff48,0x00000000d3b80000)
 Metaspace       used 71845K, committed 73472K, reserved 1179648K
  class space    used 7277K, committed 8000K, reserved 1048576K
}
Event: 78.570 GC heap before
{Heap before GC invocations=1148 (full 4):
 PSYoungGen      total 7680K, used 7232K [0x00000000eab00000, 0x00000000eb680000, 0x0000000100000000)
  eden space 3584K, 100% used [0x00000000eab00000,0x00000000eae80000,0x00000000eae80000)
  from space 4096K, 89% used [0x00000000eb080000,0x00000000eb410000,0x00000000eb480000)
  to   space 2048K, 0% used [0x00000000eb480000,0x00000000eb480000,0x00000000eb680000)
 ParOldGen       total 323072K, used 322687K [0x00000000c0000000, 0x00000000d3b80000, 0x00000000eab00000)
  object space 323072K, 99% used [0x00000000c0000000,0x00000000d3b1ff48,0x00000000d3b80000)
 Metaspace       used 71845K, committed 73472K, reserved 1179648K
  class space    used 7277K, committed 8000K, reserved 1048576K
}
Event: 78.585 GC heap after
{Heap after GC invocations=1148 (full 4):
 PSYoungGen      total 3584K, used 2048K [0x00000000eab00000, 0x00000000ebe80000, 0x0000000100000000)
  eden space 1536K, 0% used [0x00000000eab00000,0x00000000eab00000,0x00000000eac80000)
  from space 2048K, 100% used [0x00000000eb480000,0x00000000eb680000,0x00000000eb680000)
  to   space 8192K, 0% used [0x00000000eac80000,0x00000000eac80000,0x00000000eb480000)
 ParOldGen       total 328192K, used 327815K [0x00000000c0000000, 0x00000000d4080000, 0x00000000eab00000)
  object space 328192K, 99% used [0x00000000c0000000,0x00000000d4021f48,0x00000000d4080000)
 Metaspace       used 71845K, committed 73472K, reserved 1179648K
  class space    used 7277K, committed 8000K, reserved 1048576K
}
Event: 78.603 GC heap before
{Heap before GC invocations=1149 (full 4):
 PSYoungGen      total 3584K, used 3584K [0x00000000eab00000, 0x00000000ebe80000, 0x0000000100000000)
  eden space 1536K, 100% used [0x00000000eab00000,0x00000000eac80000,0x00000000eac80000)
  from space 2048K, 100% used [0x00000000eb480000,0x00000000eb680000,0x00000000eb680000)
  to   space 8192K, 0% used [0x00000000eac80000,0x00000000eac80000,0x00000000eb480000)
 ParOldGen       total 328192K, used 327815K [0x00000000c0000000, 0x00000000d4080000, 0x00000000eab00000)
  object space 328192K, 99% used [0x00000000c0000000,0x00000000d4021f48,0x00000000d4080000)
 Metaspace       used 71845K, committed 73472K, reserved 1179648K
  class space    used 7277K, committed 8000K, reserved 1048576K
}
Event: 78.614 GC heap after
{Heap after GC invocations=1149 (full 4):
 PSYoungGen      total 3584K, used 1600K [0x00000000eab00000, 0x00000000eb500000, 0x0000000100000000)
  eden space 1536K, 0% used [0x00000000eab00000,0x00000000eab00000,0x00000000eac80000)
  from space 2048K, 78% used [0x00000000eac80000,0x00000000eae10000,0x00000000eae80000)
  to   space 4096K, 0% used [0x00000000eb100000,0x00000000eb100000,0x00000000eb500000)
 ParOldGen       total 330240K, used 329903K [0x00000000c0000000, 0x00000000d4280000, 0x00000000eab00000)
  object space 330240K, 99% used [0x00000000c0000000,0x00000000d422bf48,0x00000000d4280000)
 Metaspace       used 71845K, committed 73472K, reserved 1179648K
  class space    used 7277K, committed 8000K, reserved 1048576K
}
Event: 78.656 GC heap before
{Heap before GC invocations=1150 (full 4):
 PSYoungGen      total 3584K, used 3136K [0x00000000eab00000, 0x00000000eb500000, 0x0000000100000000)
  eden space 1536K, 100% used [0x00000000eab00000,0x00000000eac80000,0x00000000eac80000)
  from space 2048K, 78% used [0x00000000eac80000,0x00000000eae10000,0x00000000eae80000)
  to   space 4096K, 0% used [0x00000000eb100000,0x00000000eb100000,0x00000000eb500000)
 ParOldGen       total 330240K, used 329903K [0x00000000c0000000, 0x00000000d4280000, 0x00000000eab00000)
  object space 330240K, 99% used [0x00000000c0000000,0x00000000d422bf48,0x00000000d4280000)
 Metaspace       used 71847K, committed 73472K, reserved 1179648K
  class space    used 7277K, committed 8000K, reserved 1048576K
}
Event: 78.662 GC heap after
{Heap after GC invocations=1150 (full 4):
 PSYoungGen      total 2048K, used 256K [0x00000000eab00000, 0x00000000eb180000, 0x0000000100000000)
  eden space 1536K, 0% used [0x00000000eab00000,0x00000000eab00000,0x00000000eac80000)
  from space 512K, 50% used [0x00000000eb100000,0x00000000eb140000,0x00000000eb180000)
  to   space 1536K, 0% used [0x00000000eae80000,0x00000000eae80000,0x00000000eb000000)
 ParOldGen       total 331776K, used 331447K [0x00000000c0000000, 0x00000000d4400000, 0x00000000eab00000)
  object space 331776K, 99% used [0x00000000c0000000,0x00000000d43adf48,0x00000000d4400000)
 Metaspace       used 71847K, committed 73472K, reserved 1179648K
  class space    used 7277K, committed 8000K, reserved 1048576K
}
Event: 78.756 GC heap before
{Heap before GC invocations=1151 (full 4):
 PSYoungGen      total 2048K, used 1791K [0x00000000eab00000, 0x00000000eb180000, 0x0000000100000000)
  eden space 1536K, 99% used [0x00000000eab00000,0x00000000eac7ffa8,0x00000000eac80000)
  from space 512K, 50% used [0x00000000eb100000,0x00000000eb140000,0x00000000eb180000)
  to   space 1536K, 0% used [0x00000000eae80000,0x00000000eae80000,0x00000000eb000000)
 ParOldGen       total 331776K, used 331447K [0x00000000c0000000, 0x00000000d4400000, 0x00000000eab00000)
  object space 331776K, 99% used [0x00000000c0000000,0x00000000d43adf48,0x00000000d4400000)
 Metaspace       used 71847K, committed 73472K, reserved 1179648K
  class space    used 7277K, committed 8000K, reserved 1048576K
}
Event: 78.758 GC heap after
{Heap after GC invocations=1151 (full 4):
 PSYoungGen      total 3072K, used 1061K [0x00000000eab00000, 0x00000000eb180000, 0x0000000100000000)
  eden space 1536K, 0% used [0x00000000eab00000,0x00000000eab00000,0x00000000eac80000)
  from space 1536K, 69% used [0x00000000eae80000,0x00000000eaf894c0,0x00000000eb000000)
  to   space 1536K, 0% used [0x00000000eb000000,0x00000000eb000000,0x00000000eb180000)
 ParOldGen       total 331776K, used 331607K [0x00000000c0000000, 0x00000000d4400000, 0x00000000eab00000)
  object space 331776K, 99% used [0x00000000c0000000,0x00000000d43d5f48,0x00000000d4400000)
 Metaspace       used 71847K, committed 73472K, reserved 1179648K
  class space    used 7277K, committed 8000K, reserved 1048576K
}
Event: 78.780 GC heap before
{Heap before GC invocations=1152 (full 4):
 PSYoungGen      total 3072K, used 2597K [0x00000000eab00000, 0x00000000eb180000, 0x0000000100000000)
  eden space 1536K, 100% used [0x00000000eab00000,0x00000000eac80000,0x00000000eac80000)
  from space 1536K, 69% used [0x00000000eae80000,0x00000000eaf894c0,0x00000000eb000000)
  to   space 1536K, 0% used [0x00000000eb000000,0x00000000eb000000,0x00000000eb180000)
 ParOldGen       total 331776K, used 331607K [0x00000000c0000000, 0x00000000d4400000, 0x00000000eab00000)
  object space 331776K, 99% used [0x00000000c0000000,0x00000000d43d5f48,0x00000000d4400000)
 Metaspace       used 71847K, committed 73472K, reserved 1179648K
  class space    used 7277K, committed 8000K, reserved 1048576K
}
Event: 78.783 GC heap after
{Heap after GC invocations=1152 (full 4):
 PSYoungGen      total 3072K, used 1536K [0x00000000eab00000, 0x00000000eb280000, 0x0000000100000000)
  eden space 1536K, 0% used [0x00000000eab00000,0x00000000eab00000,0x00000000eac80000)
  from space 1536K, 100% used [0x00000000eb000000,0x00000000eb180000,0x00000000eb180000)
  to   space 3072K, 0% used [0x00000000eac80000,0x00000000eac80000,0x00000000eaf80000)
 ParOldGen       total 332800K, used 332557K [0x00000000c0000000, 0x00000000d4500000, 0x00000000eab00000)
  object space 332800K, 99% used [0x00000000c0000000,0x00000000d44c3408,0x00000000d4500000)
 Metaspace       used 71847K, committed 73472K, reserved 1179648K
  class space    used 7277K, committed 8000K, reserved 1048576K
}
Event: 78.793 GC heap before
{Heap before GC invocations=1153 (full 4):
 PSYoungGen      total 3072K, used 3072K [0x00000000eab00000, 0x00000000eb280000, 0x0000000100000000)
  eden space 1536K, 100% used [0x00000000eab00000,0x00000000eac80000,0x00000000eac80000)
  from space 1536K, 100% used [0x00000000eb000000,0x00000000eb180000,0x00000000eb180000)
  to   space 3072K, 0% used [0x00000000eac80000,0x00000000eac80000,0x00000000eaf80000)
 ParOldGen       total 332800K, used 332557K [0x00000000c0000000, 0x00000000d4500000, 0x00000000eab00000)
  object space 332800K, 99% used [0x00000000c0000000,0x00000000d44c3408,0x00000000d4500000)
 Metaspace       used 71847K, committed 73472K, reserved 1179648K
  class space    used 7277K, committed 8000K, reserved 1048576K
}
Event: 78.798 GC heap after
{Heap after GC invocations=1153 (full 4):
 PSYoungGen      total 3584K, used 1664K [0x00000000eab00000, 0x00000000eb080000, 0x0000000100000000)
  eden space 1536K, 0% used [0x00000000eab00000,0x00000000eab00000,0x00000000eac80000)
  from space 2048K, 81% used [0x00000000eac80000,0x00000000eae20000,0x00000000eae80000)
  to   space 2048K, 0% used [0x00000000eae80000,0x00000000eae80000,0x00000000eb080000)
 ParOldGen       total 334336K, used 334085K [0x00000000c0000000, 0x00000000d4680000, 0x00000000eab00000)
  object space 334336K, 99% used [0x00000000c0000000,0x00000000d4641408,0x00000000d4680000)
 Metaspace       used 71847K, committed 73472K, reserved 1179648K
  class space    used 7277K, committed 8000K, reserved 1048576K
}
Event: 78.811 GC heap before
{Heap before GC invocations=1154 (full 4):
 PSYoungGen      total 3584K, used 3200K [0x00000000eab00000, 0x00000000eb080000, 0x0000000100000000)
  eden space 1536K, 100% used [0x00000000eab00000,0x00000000eac80000,0x00000000eac80000)
  from space 2048K, 81% used [0x00000000eac80000,0x00000000eae20000,0x00000000eae80000)
  to   space 2048K, 0% used [0x00000000eae80000,0x00000000eae80000,0x00000000eb080000)
 ParOldGen       total 334336K, used 334085K [0x00000000c0000000, 0x00000000d4680000, 0x00000000eab00000)
  object space 334336K, 99% used [0x00000000c0000000,0x00000000d4641408,0x00000000d4680000)
 Metaspace       used 71847K, committed 73472K, reserved 1179648K
  class space    used 7277K, committed 8000K, reserved 1048576K
}
Event: 78.816 GC heap after
{Heap after GC invocations=1154 (full 4):
 PSYoungGen      total 3584K, used 1632K [0x00000000eab00000, 0x00000000eb100000, 0x0000000100000000)
  eden space 1536K, 0% used [0x00000000eab00000,0x00000000eab00000,0x00000000eac80000)
  from space 2048K, 79% used [0x00000000eae80000,0x00000000eb018000,0x00000000eb080000)
  to   space 2048K, 0% used [0x00000000eac80000,0x00000000eac80000,0x00000000eae80000)
 ParOldGen       total 335872K, used 335637K [0x00000000c0000000, 0x00000000d4800000, 0x00000000eab00000)
  object space 335872K, 99% used [0x00000000c0000000,0x00000000d47c5408,0x00000000d4800000)
 Metaspace       used 71847K, committed 73472K, reserved 1179648K
  class space    used 7277K, committed 8000K, reserved 1048576K
}
Event: 78.829 GC heap before
{Heap before GC invocations=1155 (full 4):
 PSYoungGen      total 3584K, used 3168K [0x00000000eab00000, 0x00000000eb100000, 0x0000000100000000)
  eden space 1536K, 100% used [0x00000000eab00000,0x00000000eac80000,0x00000000eac80000)
  from space 2048K, 79% used [0x00000000eae80000,0x00000000eb018000,0x00000000eb080000)
  to   space 2048K, 0% used [0x00000000eac80000,0x00000000eac80000,0x00000000eae80000)
 ParOldGen       total 335872K, used 335637K [0x00000000c0000000, 0x00000000d4800000, 0x00000000eab00000)
  object space 335872K, 99% used [0x00000000c0000000,0x00000000d47c5408,0x00000000d4800000)
 Metaspace       used 71847K, committed 73472K, reserved 1179648K
  class space    used 7277K, committed 8000K, reserved 1048576K
}
Event: 78.835 GC heap after
{Heap after GC invocations=1155 (full 4):
 PSYoungGen      total 3584K, used 1664K [0x00000000eab00000, 0x00000000eb100000, 0x0000000100000000)
  eden space 1536K, 0% used [0x00000000eab00000,0x00000000eab00000,0x00000000eac80000)
  from space 2048K, 81% used [0x00000000eac80000,0x00000000eae20000,0x00000000eae80000)
  to   space 2048K, 0% used [0x00000000eaf00000,0x00000000eaf00000,0x00000000eb100000)
 ParOldGen       total 337408K, used 337181K [0x00000000c0000000, 0x00000000d4980000, 0x00000000eab00000)
  object space 337408K, 99% used [0x00000000c0000000,0x00000000d4947408,0x00000000d4980000)
 Metaspace       used 71847K, committed 73472K, reserved 1179648K
  class space    used 7277K, committed 8000K, reserved 1048576K
}
Event: 78.865 GC heap before
{Heap before GC invocations=1156 (full 4):
 PSYoungGen      total 3584K, used 3200K [0x00000000eab00000, 0x00000000eb100000, 0x0000000100000000)
  eden space 1536K, 100% used [0x00000000eab00000,0x00000000eac80000,0x00000000eac80000)
  from space 2048K, 81% used [0x00000000eac80000,0x00000000eae20000,0x00000000eae80000)
  to   space 2048K, 0% used [0x00000000eaf00000,0x00000000eaf00000,0x00000000eb100000)
 ParOldGen       total 337408K, used 337181K [0x00000000c0000000, 0x00000000d4980000, 0x00000000eab00000)
  object space 337408K, 99% used [0x00000000c0000000,0x00000000d4947408,0x00000000d4980000)
 Metaspace       used 71847K, committed 73472K, reserved 1179648K
  class space    used 7277K, committed 8000K, reserved 1048576K
}
Event: 78.871 GC heap after
{Heap after GC invocations=1156 (full 4):
 PSYoungGen      total 3584K, used 1216K [0x00000000eab00000, 0x00000000eb080000, 0x0000000100000000)
  eden space 2048K, 0% used [0x00000000eab00000,0x00000000eab00000,0x00000000ead00000)
  from space 1536K, 79% used [0x00000000eaf00000,0x00000000eb030000,0x00000000eb080000)
  to   space 1536K, 0% used [0x00000000ead80000,0x00000000ead80000,0x00000000eaf00000)
 ParOldGen       total 338944K, used 338725K [0x00000000c0000000, 0x00000000d4b00000, 0x00000000eab00000)
  object space 338944K, 99% used [0x00000000c0000000,0x00000000d4ac9408,0x00000000d4b00000)
 Metaspace       used 71847K, committed 73472K, reserved 1179648K
  class space    used 7277K, committed 8000K, reserved 1048576K
}

