# JRE version: OpenJDK Runtime Environment Temurin-21.0.7+6 (21.0.7+6) (build 21.0.7+6-LTS)
# Java VM: OpenJDK 64-Bit Server VM Temurin-21.0.7+6 (21.0.7+6-LTS, mixed mode, sharing, tiered, compressed oops, compressed class ptrs, parallel gc, windows-amd64)
GC Precious Log:
 CardTable entry size: 512
 CPUs: 8 total, 8 available
 Memory: 7886M
 Large Page Support: Disabled
 NUMA Support: Disabled
 Compressed Oops: Enabled (32-bit)
 Alignments: Space 512K, Generation 512K, Heap 2M
 Heap Min Capacity: 100M
 Heap Initial Capacity: 100M
 Heap Max Capacity: 1G
 Pre-touch: Disabled
 Parallel Workers: 8
Heap:
 PSYoungGen      total 4608K, used 4593K [0x00000000eab00000, 0x00000000eb080000, 0x0000000100000000)
  eden space 4096K, 100% used [0x00000000eab00000,0x00000000eaf00000,0x00000000eaf00000)
  from space 512K, 97% used [0x00000000eb000000,0x00000000eb07c440,0x00000000eb080000)
  to   space 1024K, 98% used [0x00000000eaf00000,0x00000000eaffd1b8,0x00000000eb000000)
 ParOldGen       total 598016K, used 597679K [0x00000000c0000000, 0x00000000e4800000, 0x00000000eab00000)
  object space 598016K, 99% used [0x00000000c0000000,0x00000000e47abcd0,0x00000000e4800000)
 Metaspace       used 67955K, committed 69504K, reserved 1114112K
  class space    used 7122K, committed 7808K, reserved 1048576K
GC Heap History (20 events):
Event: 29.841 GC heap after
{Heap after GC invocations=759 (full 3):
 PSYoungGen      total 6144K, used 768K [0x00000000eab00000, 0x00000000eb280000, 0x0000000100000000)
  eden space 5120K, 0% used [0x00000000eab00000,0x00000000eab00000,0x00000000eb000000)
  from space 1024K, 75% used [0x00000000eb180000,0x00000000eb240000,0x00000000eb280000)
  to   space 1024K, 0% used [0x00000000eb000000,0x00000000eb000000,0x00000000eb100000)
 ParOldGen       total 592896K, used 592803K [0x00000000c0000000, 0x00000000e4300000, 0x00000000eab00000)
  object space 592896K, 99% used [0x00000000c0000000,0x00000000e42e8da8,0x00000000e4300000)
 Metaspace       used 67955K, committed 69504K, reserved 1114112K
  class space    used 7122K, committed 7808K, reserved 1048576K
}
Event: 29.848 GC heap before
{Heap before GC invocations=760 (full 3):
 PSYoungGen      total 6144K, used 5888K [0x00000000eab00000, 0x00000000eb280000, 0x0000000100000000)
  eden space 5120K, 100% used [0x00000000eab00000,0x00000000eb000000,0x00000000eb000000)
  from space 1024K, 75% used [0x00000000eb180000,0x00000000eb240000,0x00000000eb280000)
  to   space 1024K, 0% used [0x00000000eb000000,0x00000000eb000000,0x00000000eb100000)
 ParOldGen       total 592896K, used 592803K [0x00000000c0000000, 0x00000000e4300000, 0x00000000eab00000)
  object space 592896K, 99% used [0x00000000c0000000,0x00000000e42e8da8,0x00000000e4300000)
 Metaspace       used 67955K, committed 69504K, reserved 1114112K
  class space    used 7122K, committed 7808K, reserved 1048576K
}
Event: 29.850 GC heap after
{Heap after GC invocations=760 (full 3):
 PSYoungGen      total 6144K, used 777K [0x00000000eab00000, 0x00000000eb200000, 0x0000000100000000)
  eden space 5120K, 0% used [0x00000000eab00000,0x00000000eab00000,0x00000000eb000000)
  from space 1024K, 75% used [0x00000000eb000000,0x00000000eb0c25a0,0x00000000eb100000)
  to   space 1024K, 0% used [0x00000000eb100000,0x00000000eb100000,0x00000000eb200000)
 ParOldGen       total 593920K, used 593475K [0x00000000c0000000, 0x00000000e4400000, 0x00000000eab00000)
  object space 593920K, 99% used [0x00000000c0000000,0x00000000e4390da8,0x00000000e4400000)
 Metaspace       used 67955K, committed 69504K, reserved 1114112K
  class space    used 7122K, committed 7808K, reserved 1048576K
}
Event: 29.857 GC heap before
{Heap before GC invocations=761 (full 3):
 PSYoungGen      total 6144K, used 5897K [0x00000000eab00000, 0x00000000eb200000, 0x0000000100000000)
  eden space 5120K, 100% used [0x00000000eab00000,0x00000000eb000000,0x00000000eb000000)
  from space 1024K, 75% used [0x00000000eb000000,0x00000000eb0c25a0,0x00000000eb100000)
  to   space 1024K, 0% used [0x00000000eb100000,0x00000000eb100000,0x00000000eb200000)
 ParOldGen       total 593920K, used 593475K [0x00000000c0000000, 0x00000000e4400000, 0x00000000eab00000)
  object space 593920K, 99% used [0x00000000c0000000,0x00000000e4390da8,0x00000000e4400000)
 Metaspace       used 67955K, committed 69504K, reserved 1114112K
  class space    used 7122K, committed 7808K, reserved 1048576K
}
Event: 29.859 GC heap after
{Heap after GC invocations=761 (full 3):
 PSYoungGen      total 5120K, used 1023K [0x00000000eab00000, 0x00000000eb400000, 0x0000000100000000)
  eden space 4096K, 0% used [0x00000000eab00000,0x00000000eab00000,0x00000000eaf00000)
  from space 1024K, 99% used [0x00000000eb100000,0x00000000eb1fff60,0x00000000eb200000)
  to   space 2048K, 0% used [0x00000000eaf00000,0x00000000eaf00000,0x00000000eb100000)
 ParOldGen       total 594432K, used 594043K [0x00000000c0000000, 0x00000000e4480000, 0x00000000eab00000)
  object space 594432K, 99% used [0x00000000c0000000,0x00000000e441eda8,0x00000000e4480000)
 Metaspace       used 67955K, committed 69504K, reserved 1114112K
  class space    used 7122K, committed 7808K, reserved 1048576K
}
Event: 29.865 GC heap before
{Heap before GC invocations=762 (full 3):
 PSYoungGen      total 5120K, used 5119K [0x00000000eab00000, 0x00000000eb400000, 0x0000000100000000)
  eden space 4096K, 100% used [0x00000000eab00000,0x00000000eaf00000,0x00000000eaf00000)
  from space 1024K, 99% used [0x00000000eb100000,0x00000000eb1fff60,0x00000000eb200000)
  to   space 2048K, 0% used [0x00000000eaf00000,0x00000000eaf00000,0x00000000eb100000)
 ParOldGen       total 594432K, used 594043K [0x00000000c0000000, 0x00000000e4480000, 0x00000000eab00000)
  object space 594432K, 99% used [0x00000000c0000000,0x00000000e441eda8,0x00000000e4480000)
 Metaspace       used 67955K, committed 69504K, reserved 1114112K
  class space    used 7122K, committed 7808K, reserved 1048576K
}
Event: 29.867 GC heap after
{Heap after GC invocations=762 (full 3):
 PSYoungGen      total 5120K, used 576K [0x00000000eab00000, 0x00000000eb180000, 0x0000000100000000)
  eden space 4096K, 0% used [0x00000000eab00000,0x00000000eab00000,0x00000000eaf00000)
  from space 1024K, 56% used [0x00000000eaf00000,0x00000000eaf90000,0x00000000eb000000)
  to   space 1024K, 0% used [0x00000000eb080000,0x00000000eb080000,0x00000000eb180000)
 ParOldGen       total 594944K, used 594775K [0x00000000c0000000, 0x00000000e4500000, 0x00000000eab00000)
  object space 594944K, 99% used [0x00000000c0000000,0x00000000e44d5fb0,0x00000000e4500000)
 Metaspace       used 67955K, committed 69504K, reserved 1114112K
  class space    used 7122K, committed 7808K, reserved 1048576K
}
Event: 29.875 GC heap before
{Heap before GC invocations=763 (full 3):
 PSYoungGen      total 5120K, used 4672K [0x00000000eab00000, 0x00000000eb180000, 0x0000000100000000)
  eden space 4096K, 100% used [0x00000000eab00000,0x00000000eaf00000,0x00000000eaf00000)
  from space 1024K, 56% used [0x00000000eaf00000,0x00000000eaf90000,0x00000000eb000000)
  to   space 1024K, 0% used [0x00000000eb080000,0x00000000eb080000,0x00000000eb180000)
 ParOldGen       total 594944K, used 594775K [0x00000000c0000000, 0x00000000e4500000, 0x00000000eab00000)
  object space 594944K, 99% used [0x00000000c0000000,0x00000000e44d5fb0,0x00000000e4500000)
 Metaspace       used 67955K, committed 69504K, reserved 1114112K
  class space    used 7122K, committed 7808K, reserved 1048576K
}
Event: 29.876 GC heap after
{Heap after GC invocations=763 (full 3):
 PSYoungGen      total 4608K, used 416K [0x00000000eab00000, 0x00000000eb100000, 0x0000000100000000)
  eden space 4096K, 0% used [0x00000000eab00000,0x00000000eab00000,0x00000000eaf00000)
  from space 512K, 81% used [0x00000000eb080000,0x00000000eb0e8000,0x00000000eb100000)
  to   space 1024K, 0% used [0x00000000eaf00000,0x00000000eaf00000,0x00000000eb000000)
 ParOldGen       total 595456K, used 595255K [0x00000000c0000000, 0x00000000e4580000, 0x00000000eab00000)
  object space 595456K, 99% used [0x00000000c0000000,0x00000000e454dfb0,0x00000000e4580000)
 Metaspace       used 67955K, committed 69504K, reserved 1114112K
  class space    used 7122K, committed 7808K, reserved 1048576K
}
Event: 29.882 GC heap before
{Heap before GC invocations=764 (full 3):
 PSYoungGen      total 4608K, used 4512K [0x00000000eab00000, 0x00000000eb100000, 0x0000000100000000)
  eden space 4096K, 100% used [0x00000000eab00000,0x00000000eaf00000,0x00000000eaf00000)
  from space 512K, 81% used [0x00000000eb080000,0x00000000eb0e8000,0x00000000eb100000)
  to   space 1024K, 0% used [0x00000000eaf00000,0x00000000eaf00000,0x00000000eb000000)
 ParOldGen       total 595456K, used 595255K [0x00000000c0000000, 0x00000000e4580000, 0x00000000eab00000)
  object space 595456K, 99% used [0x00000000c0000000,0x00000000e454dfb0,0x00000000e4580000)
 Metaspace       used 67955K, committed 69504K, reserved 1114112K
  class space    used 7122K, committed 7808K, reserved 1048576K
}
Event: 29.884 GC heap after
{Heap after GC invocations=764 (full 3):
 PSYoungGen      total 5120K, used 608K [0x00000000eab00000, 0x00000000eb100000, 0x0000000100000000)
  eden space 4096K, 0% used [0x00000000eab00000,0x00000000eab00000,0x00000000eaf00000)
  from space 1024K, 59% used [0x00000000eaf00000,0x00000000eaf98000,0x00000000eb000000)
  to   space 1024K, 0% used [0x00000000eb000000,0x00000000eb000000,0x00000000eb100000)
 ParOldGen       total 595968K, used 595623K [0x00000000c0000000, 0x00000000e4600000, 0x00000000eab00000)
  object space 595968K, 99% used [0x00000000c0000000,0x00000000e45a9fb0,0x00000000e4600000)
 Metaspace       used 67955K, committed 69504K, reserved 1114112K
  class space    used 7122K, committed 7808K, reserved 1048576K
}
Event: 29.893 GC heap before
{Heap before GC invocations=765 (full 3):
 PSYoungGen      total 5120K, used 4704K [0x00000000eab00000, 0x00000000eb100000, 0x0000000100000000)
  eden space 4096K, 100% used [0x00000000eab00000,0x00000000eaf00000,0x00000000eaf00000)
  from space 1024K, 59% used [0x00000000eaf00000,0x00000000eaf98000,0x00000000eb000000)
  to   space 1024K, 0% used [0x00000000eb000000,0x00000000eb000000,0x00000000eb100000)
 ParOldGen       total 595968K, used 595623K [0x00000000c0000000, 0x00000000e4600000, 0x00000000eab00000)
  object space 595968K, 99% used [0x00000000c0000000,0x00000000e45a9fb0,0x00000000e4600000)
 Metaspace       used 67955K, committed 69504K, reserved 1114112K
  class space    used 7122K, committed 7808K, reserved 1048576K
}
Event: 29.895 GC heap after
{Heap after GC invocations=765 (full 3):
 PSYoungGen      total 5120K, used 512K [0x00000000eab00000, 0x00000000eb100000, 0x0000000100000000)
  eden space 4096K, 0% used [0x00000000eab00000,0x00000000eab00000,0x00000000eaf00000)
  from space 1024K, 50% used [0x00000000eb000000,0x00000000eb080000,0x00000000eb100000)
  to   space 1024K, 0% used [0x00000000eaf00000,0x00000000eaf00000,0x00000000eb000000)
 ParOldGen       total 596480K, used 596148K [0x00000000c0000000, 0x00000000e4680000, 0x00000000eab00000)
  object space 596480K, 99% used [0x00000000c0000000,0x00000000e462d1b8,0x00000000e4680000)
 Metaspace       used 67955K, committed 69504K, reserved 1114112K
  class space    used 7122K, committed 7808K, reserved 1048576K
}
Event: 29.902 GC heap before
{Heap before GC invocations=766 (full 3):
 PSYoungGen      total 5120K, used 4608K [0x00000000eab00000, 0x00000000eb100000, 0x0000000100000000)
  eden space 4096K, 100% used [0x00000000eab00000,0x00000000eaf00000,0x00000000eaf00000)
  from space 1024K, 50% used [0x00000000eb000000,0x00000000eb080000,0x00000000eb100000)
  to   space 1024K, 0% used [0x00000000eaf00000,0x00000000eaf00000,0x00000000eb000000)
 ParOldGen       total 596480K, used 596148K [0x00000000c0000000, 0x00000000e4680000, 0x00000000eab00000)
  object space 596480K, 99% used [0x00000000c0000000,0x00000000e462d1b8,0x00000000e4680000)
 Metaspace       used 67955K, committed 69504K, reserved 1114112K
  class space    used 7122K, committed 7808K, reserved 1048576K
}
Event: 29.904 GC heap after
{Heap after GC invocations=766 (full 3):
 PSYoungGen      total 5120K, used 416K [0x00000000eab00000, 0x00000000eb080000, 0x0000000100000000)
  eden space 4096K, 0% used [0x00000000eab00000,0x00000000eab00000,0x00000000eaf00000)
  from space 1024K, 40% used [0x00000000eaf00000,0x00000000eaf68000,0x00000000eb000000)
  to   space 512K, 0% used [0x00000000eb000000,0x00000000eb000000,0x00000000eb080000)
 ParOldGen       total 596992K, used 596545K [0x00000000c0000000, 0x00000000e4700000, 0x00000000eab00000)
  object space 596992K, 99% used [0x00000000c0000000,0x00000000e46907c8,0x00000000e4700000)
 Metaspace       used 67955K, committed 69504K, reserved 1114112K
  class space    used 7122K, committed 7808K, reserved 1048576K
}
Event: 29.927 GC heap before
{Heap before GC invocations=767 (full 3):
 PSYoungGen      total 5120K, used 4512K [0x00000000eab00000, 0x00000000eb080000, 0x0000000100000000)
  eden space 4096K, 100% used [0x00000000eab00000,0x00000000eaf00000,0x00000000eaf00000)
  from space 1024K, 40% used [0x00000000eaf00000,0x00000000eaf68000,0x00000000eb000000)
  to   space 512K, 0% used [0x00000000eb000000,0x00000000eb000000,0x00000000eb080000)
 ParOldGen       total 596992K, used 596545K [0x00000000c0000000, 0x00000000e4700000, 0x00000000eab00000)
  object space 596992K, 99% used [0x00000000c0000000,0x00000000e46907c8,0x00000000e4700000)
 Metaspace       used 67955K, committed 69504K, reserved 1114112K
  class space    used 7122K, committed 7808K, reserved 1048576K
}
Event: 29.929 GC heap after
{Heap after GC invocations=767 (full 3):
 PSYoungGen      total 4608K, used 497K [0x00000000eab00000, 0x00000000eb080000, 0x0000000100000000)
  eden space 4096K, 0% used [0x00000000eab00000,0x00000000eab00000,0x00000000eaf00000)
  from space 512K, 97% used [0x00000000eb000000,0x00000000eb07c440,0x00000000eb080000)
  to   space 1024K, 0% used [0x00000000eaf00000,0x00000000eaf00000,0x00000000eb000000)
 ParOldGen       total 597504K, used 597487K [0x00000000c0000000, 0x00000000e4780000, 0x00000000eab00000)
  object space 597504K, 99% used [0x00000000c0000000,0x00000000e477bcd0,0x00000000e4780000)
 Metaspace       used 67955K, committed 69504K, reserved 1114112K
  class space    used 7122K, committed 7808K, reserved 1048576K
}
Event: 29.979 GC heap before
{Heap before GC invocations=768 (full 3):
 PSYoungGen      total 4608K, used 4593K [0x00000000eab00000, 0x00000000eb080000, 0x0000000100000000)
  eden space 4096K, 100% used [0x00000000eab00000,0x00000000eaf00000,0x00000000eaf00000)
  from space 512K, 97% used [0x00000000eb000000,0x00000000eb07c440,0x00000000eb080000)
  to   space 1024K, 0% used [0x00000000eaf00000,0x00000000eaf00000,0x00000000eb000000)
 ParOldGen       total 597504K, used 597487K [0x00000000c0000000, 0x00000000e4780000, 0x00000000eab00000)
  object space 597504K, 99% used [0x00000000c0000000,0x00000000e477bcd0,0x00000000e4780000)
 Metaspace       used 67955K, committed 69504K, reserved 1114112K
  class space    used 7122K, committed 7808K, reserved 1048576K
}
Event: 29.981 GC heap after
{Heap after GC invocations=768 (full 3):
 PSYoungGen      total 4608K, used 4593K [0x00000000eab00000, 0x00000000eb080000, 0x0000000100000000)
  eden space 4096K, 100% used [0x00000000eab00000,0x00000000eaf00000,0x00000000eaf00000)
  from space 512K, 97% used [0x00000000eb000000,0x00000000eb07c440,0x00000000eb080000)
  to   space 1024K, 98% used [0x00000000eaf00000,0x00000000eaffd1b8,0x00000000eb000000)
 ParOldGen       total 598016K, used 597679K [0x00000000c0000000, 0x00000000e4800000, 0x00000000eab00000)
  object space 598016K, 99% used [0x00000000c0000000,0x00000000e47abcd0,0x00000000e4800000)
 Metaspace       used 67955K, committed 69504K, reserved 1114112K
  class space    used 7122K, committed 7808K, reserved 1048576K
}
Event: 29.981 GC heap before
{Heap before GC invocations=769 (full 4):
 PSYoungGen      total 4608K, used 4593K [0x00000000eab00000, 0x00000000eb080000, 0x0000000100000000)
  eden space 4096K, 100% used [0x00000000eab00000,0x00000000eaf00000,0x00000000eaf00000)
  from space 512K, 97% used [0x00000000eb000000,0x00000000eb07c440,0x00000000eb080000)
  to   space 1024K, 98% used [0x00000000eaf00000,0x00000000eaffd1b8,0x00000000eb000000)
 ParOldGen       total 598016K, used 597679K [0x00000000c0000000, 0x00000000e4800000, 0x00000000eab00000)
  object space 598016K, 99% used [0x00000000c0000000,0x00000000e47abcd0,0x00000000e4800000)
 Metaspace       used 67955K, committed 69504K, reserved 1114112K
  class space    used 7122K, committed 7808K, reserved 1048576K
}

