# JRE version: OpenJDK Runtime Environment Temurin-21.0.7+6 (21.0.7+6) (build 21.0.7+6-LTS)
# Java VM: OpenJDK 64-Bit Server VM Temurin-21.0.7+6 (21.0.7+6-LTS, mixed mode, sharing, tiered, compressed oops, compressed class ptrs, parallel gc, windows-amd64)
GC Precious Log:
 CardTable entry size: 512
 CPUs: 8 total, 8 available
 Memory: 7886M
 Large Page Support: Disabled
 NUMA Support: Disabled
 Compressed Oops: Enabled (32-bit)
 Alignments: Space 512K, Generation 512K, Heap 2M
 Heap Min Capacity: 100M
 Heap Initial Capacity: 100M
 Heap Max Capacity: 1G
 Pre-touch: Disabled
 Parallel Workers: 8
Heap:
 PSYoungGen      total 14848K, used 9842K [0x00000000eab00000, 0x00000000ec500000, 0x0000000100000000)
  eden space 12288K, 59% used [0x00000000eab00000,0x00000000eb224260,0x00000000eb700000)
  from space 2560K, 98% used [0x00000000eb800000,0x00000000eba78990,0x00000000eba80000)
  to   space 7168K, 0% used [0x00000000ebe00000,0x00000000ebe00000,0x00000000ec500000)
 ParOldGen       total 68608K, used 68124K [0x00000000c0000000, 0x00000000c4300000, 0x00000000eab00000)
  object space 68608K, 99% used [0x00000000c0000000,0x00000000c4287370,0x00000000c4300000)
 Metaspace       used 51976K, committed 53248K, reserved 1114112K
  class space    used 5476K, committed 6080K, reserved 1048576K
GC Heap History (20 events):
Event: 12.461 GC heap before
{Heap before GC invocations=30 (full 2):
 PSYoungGen      total 19968K, used 19584K [0x00000000eab00000, 0x00000000ec200000, 0x0000000100000000)
  eden space 16384K, 100% used [0x00000000eab00000,0x00000000ebb00000,0x00000000ebb00000)
  from space 3584K, 89% used [0x00000000ebb00000,0x00000000ebe200b8,0x00000000ebe80000)
  to   space 3584K, 0% used [0x00000000ebe80000,0x00000000ebe80000,0x00000000ec200000)
 ParOldGen       total 68608K, used 42361K [0x00000000c0000000, 0x00000000c4300000, 0x00000000eab00000)
  object space 68608K, 61% used [0x00000000c0000000,0x00000000c295e6c8,0x00000000c4300000)
 Metaspace       used 49703K, committed 51008K, reserved 1114112K
  class space    used 5209K, committed 5824K, reserved 1048576K
}
Event: 12.464 GC heap after
{Heap after GC invocations=30 (full 2):
 PSYoungGen      total 19456K, used 3545K [0x00000000eab00000, 0x00000000ec300000, 0x0000000100000000)
  eden space 15872K, 0% used [0x00000000eab00000,0x00000000eab00000,0x00000000eba80000)
  from space 3584K, 98% used [0x00000000ebe80000,0x00000000ec1f6450,0x00000000ec200000)
  to   space 4096K, 0% used [0x00000000eba80000,0x00000000eba80000,0x00000000ebe80000)
 ParOldGen       total 68608K, used 45164K [0x00000000c0000000, 0x00000000c4300000, 0x00000000eab00000)
  object space 68608K, 65% used [0x00000000c0000000,0x00000000c2c1b188,0x00000000c4300000)
 Metaspace       used 49703K, committed 51008K, reserved 1114112K
  class space    used 5209K, committed 5824K, reserved 1048576K
}
Event: 12.544 GC heap before
{Heap before GC invocations=31 (full 2):
 PSYoungGen      total 19456K, used 19417K [0x00000000eab00000, 0x00000000ec300000, 0x0000000100000000)
  eden space 15872K, 100% used [0x00000000eab00000,0x00000000eba80000,0x00000000eba80000)
  from space 3584K, 98% used [0x00000000ebe80000,0x00000000ec1f6450,0x00000000ec200000)
  to   space 4096K, 0% used [0x00000000eba80000,0x00000000eba80000,0x00000000ebe80000)
 ParOldGen       total 68608K, used 45171K [0x00000000c0000000, 0x00000000c4300000, 0x00000000eab00000)
  object space 68608K, 65% used [0x00000000c0000000,0x00000000c2c1ce58,0x00000000c4300000)
 Metaspace       used 49933K, committed 51200K, reserved 1114112K
  class space    used 5235K, committed 5824K, reserved 1048576K
}
Event: 12.549 GC heap after
{Heap after GC invocations=31 (full 2):
 PSYoungGen      total 19456K, used 3241K [0x00000000eab00000, 0x00000000ec180000, 0x0000000100000000)
  eden space 15872K, 0% used [0x00000000eab00000,0x00000000eab00000,0x00000000eba80000)
  from space 3584K, 90% used [0x00000000eba80000,0x00000000ebdaa750,0x00000000ebe00000)
  to   space 3584K, 0% used [0x00000000ebe00000,0x00000000ebe00000,0x00000000ec180000)
 ParOldGen       total 68608K, used 48361K [0x00000000c0000000, 0x00000000c4300000, 0x00000000eab00000)
  object space 68608K, 70% used [0x00000000c0000000,0x00000000c2f3a530,0x00000000c4300000)
 Metaspace       used 49933K, committed 51200K, reserved 1114112K
  class space    used 5235K, committed 5824K, reserved 1048576K
}
Event: 12.894 GC heap before
{Heap before GC invocations=32 (full 2):
 PSYoungGen      total 19456K, used 19113K [0x00000000eab00000, 0x00000000ec180000, 0x0000000100000000)
  eden space 15872K, 100% used [0x00000000eab00000,0x00000000eba80000,0x00000000eba80000)
  from space 3584K, 90% used [0x00000000eba80000,0x00000000ebdaa750,0x00000000ebe00000)
  to   space 3584K, 0% used [0x00000000ebe00000,0x00000000ebe00000,0x00000000ec180000)
 ParOldGen       total 68608K, used 48361K [0x00000000c0000000, 0x00000000c4300000, 0x00000000eab00000)
  object space 68608K, 70% used [0x00000000c0000000,0x00000000c2f3a530,0x00000000c4300000)
 Metaspace       used 50289K, committed 51584K, reserved 1114112K
  class space    used 5292K, committed 5888K, reserved 1048576K
}
Event: 12.901 GC heap after
{Heap after GC invocations=32 (full 2):
 PSYoungGen      total 18432K, used 2473K [0x00000000eab00000, 0x00000000ec080000, 0x0000000100000000)
  eden space 15872K, 0% used [0x00000000eab00000,0x00000000eab00000,0x00000000eba80000)
  from space 2560K, 96% used [0x00000000ebe00000,0x00000000ec06a5d8,0x00000000ec080000)
  to   space 3072K, 0% used [0x00000000eba80000,0x00000000eba80000,0x00000000ebd80000)
 ParOldGen       total 68608K, used 51423K [0x00000000c0000000, 0x00000000c4300000, 0x00000000eab00000)
  object space 68608K, 74% used [0x00000000c0000000,0x00000000c3237d60,0x00000000c4300000)
 Metaspace       used 50289K, committed 51584K, reserved 1114112K
  class space    used 5292K, committed 5888K, reserved 1048576K
}
Event: 13.202 GC heap before
{Heap before GC invocations=33 (full 2):
 PSYoungGen      total 18432K, used 18317K [0x00000000eab00000, 0x00000000ec080000, 0x0000000100000000)
  eden space 15872K, 99% used [0x00000000eab00000,0x00000000eba78f50,0x00000000eba80000)
  from space 2560K, 96% used [0x00000000ebe00000,0x00000000ec06a5d8,0x00000000ec080000)
  to   space 3072K, 0% used [0x00000000eba80000,0x00000000eba80000,0x00000000ebd80000)
 ParOldGen       total 68608K, used 51423K [0x00000000c0000000, 0x00000000c4300000, 0x00000000eab00000)
  object space 68608K, 74% used [0x00000000c0000000,0x00000000c3237d60,0x00000000c4300000)
 Metaspace       used 50532K, committed 51840K, reserved 1114112K
  class space    used 5335K, committed 5888K, reserved 1048576K
}
Event: 13.210 GC heap after
{Heap after GC invocations=33 (full 2):
 PSYoungGen      total 18432K, used 2374K [0x00000000eab00000, 0x00000000ebf80000, 0x0000000100000000)
  eden space 15872K, 0% used [0x00000000eab00000,0x00000000eab00000,0x00000000eba80000)
  from space 2560K, 92% used [0x00000000eba80000,0x00000000ebcd1ad8,0x00000000ebd00000)
  to   space 2560K, 0% used [0x00000000ebd00000,0x00000000ebd00000,0x00000000ebf80000)
 ParOldGen       total 68608K, used 53734K [0x00000000c0000000, 0x00000000c4300000, 0x00000000eab00000)
  object space 68608K, 78% used [0x00000000c0000000,0x00000000c34798d0,0x00000000c4300000)
 Metaspace       used 50532K, committed 51840K, reserved 1114112K
  class space    used 5335K, committed 5888K, reserved 1048576K
}
Event: 13.740 GC heap before
{Heap before GC invocations=34 (full 2):
 PSYoungGen      total 18432K, used 18246K [0x00000000eab00000, 0x00000000ebf80000, 0x0000000100000000)
  eden space 15872K, 100% used [0x00000000eab00000,0x00000000eba80000,0x00000000eba80000)
  from space 2560K, 92% used [0x00000000eba80000,0x00000000ebcd1ad8,0x00000000ebd00000)
  to   space 2560K, 0% used [0x00000000ebd00000,0x00000000ebd00000,0x00000000ebf80000)
 ParOldGen       total 68608K, used 53734K [0x00000000c0000000, 0x00000000c4300000, 0x00000000eab00000)
  object space 68608K, 78% used [0x00000000c0000000,0x00000000c34798d0,0x00000000c4300000)
 Metaspace       used 50808K, committed 52160K, reserved 1114112K
  class space    used 5352K, committed 5952K, reserved 1048576K
}
Event: 13.747 GC heap after
{Heap after GC invocations=34 (full 2):
 PSYoungGen      total 14848K, used 2532K [0x00000000eab00000, 0x00000000ec680000, 0x0000000100000000)
  eden space 12288K, 0% used [0x00000000eab00000,0x00000000eab00000,0x00000000eb700000)
  from space 2560K, 98% used [0x00000000ebd00000,0x00000000ebf79210,0x00000000ebf80000)
  to   space 6144K, 0% used [0x00000000eb700000,0x00000000eb700000,0x00000000ebd00000)
 ParOldGen       total 68608K, used 56514K [0x00000000c0000000, 0x00000000c4300000, 0x00000000eab00000)
  object space 68608K, 82% used [0x00000000c0000000,0x00000000c3730b00,0x00000000c4300000)
 Metaspace       used 50808K, committed 52160K, reserved 1114112K
  class space    used 5352K, committed 5952K, reserved 1048576K
}
Event: 14.702 GC heap before
{Heap before GC invocations=35 (full 2):
 PSYoungGen      total 14848K, used 14796K [0x00000000eab00000, 0x00000000ec680000, 0x0000000100000000)
  eden space 12288K, 99% used [0x00000000eab00000,0x00000000eb6fa1c8,0x00000000eb700000)
  from space 2560K, 98% used [0x00000000ebd00000,0x00000000ebf79210,0x00000000ebf80000)
  to   space 6144K, 0% used [0x00000000eb700000,0x00000000eb700000,0x00000000ebd00000)
 ParOldGen       total 68608K, used 56514K [0x00000000c0000000, 0x00000000c4300000, 0x00000000eab00000)
  object space 68608K, 82% used [0x00000000c0000000,0x00000000c3730b00,0x00000000c4300000)
 Metaspace       used 51117K, committed 52416K, reserved 1114112K
  class space    used 5398K, committed 6016K, reserved 1048576K
}
Event: 14.709 GC heap after
{Heap after GC invocations=35 (full 2):
 PSYoungGen      total 14336K, used 1571K [0x00000000eab00000, 0x00000000ebd80000, 0x0000000100000000)
  eden space 12288K, 0% used [0x00000000eab00000,0x00000000eab00000,0x00000000eb700000)
  from space 2048K, 76% used [0x00000000eb700000,0x00000000eb888d78,0x00000000eb900000)
  to   space 3072K, 0% used [0x00000000eba80000,0x00000000eba80000,0x00000000ebd80000)
 ParOldGen       total 68608K, used 58878K [0x00000000c0000000, 0x00000000c4300000, 0x00000000eab00000)
  object space 68608K, 85% used [0x00000000c0000000,0x00000000c397f9c0,0x00000000c4300000)
 Metaspace       used 51117K, committed 52416K, reserved 1114112K
  class space    used 5398K, committed 6016K, reserved 1048576K
}
Event: 14.900 GC heap before
{Heap before GC invocations=36 (full 2):
 PSYoungGen      total 14336K, used 13855K [0x00000000eab00000, 0x00000000ebd80000, 0x0000000100000000)
  eden space 12288K, 99% used [0x00000000eab00000,0x00000000eb6ff280,0x00000000eb700000)
  from space 2048K, 76% used [0x00000000eb700000,0x00000000eb888d78,0x00000000eb900000)
  to   space 3072K, 0% used [0x00000000eba80000,0x00000000eba80000,0x00000000ebd80000)
 ParOldGen       total 68608K, used 58878K [0x00000000c0000000, 0x00000000c4300000, 0x00000000eab00000)
  object space 68608K, 85% used [0x00000000c0000000,0x00000000c397f9c0,0x00000000c4300000)
 Metaspace       used 51383K, committed 52672K, reserved 1114112K
  class space    used 5420K, committed 6016K, reserved 1048576K
}
Event: 14.903 GC heap after
{Heap after GC invocations=36 (full 2):
 PSYoungGen      total 14848K, used 2144K [0x00000000eab00000, 0x00000000ebd00000, 0x0000000100000000)
  eden space 12288K, 0% used [0x00000000eab00000,0x00000000eab00000,0x00000000eb700000)
  from space 2560K, 83% used [0x00000000eba80000,0x00000000ebc982e0,0x00000000ebd00000)
  to   space 2560K, 0% used [0x00000000eb800000,0x00000000eb800000,0x00000000eba80000)
 ParOldGen       total 68608K, used 60316K [0x00000000c0000000, 0x00000000c4300000, 0x00000000eab00000)
  object space 68608K, 87% used [0x00000000c0000000,0x00000000c3ae7220,0x00000000c4300000)
 Metaspace       used 51383K, committed 52672K, reserved 1114112K
  class space    used 5420K, committed 6016K, reserved 1048576K
}
Event: 15.070 GC heap before
{Heap before GC invocations=37 (full 2):
 PSYoungGen      total 14848K, used 14432K [0x00000000eab00000, 0x00000000ebd00000, 0x0000000100000000)
  eden space 12288K, 100% used [0x00000000eab00000,0x00000000eb700000,0x00000000eb700000)
  from space 2560K, 83% used [0x00000000eba80000,0x00000000ebc982e0,0x00000000ebd00000)
  to   space 2560K, 0% used [0x00000000eb800000,0x00000000eb800000,0x00000000eba80000)
 ParOldGen       total 68608K, used 60316K [0x00000000c0000000, 0x00000000c4300000, 0x00000000eab00000)
  object space 68608K, 87% used [0x00000000c0000000,0x00000000c3ae7220,0x00000000c4300000)
 Metaspace       used 51500K, committed 52800K, reserved 1114112K
  class space    used 5435K, committed 6016K, reserved 1048576K
}
Event: 15.077 GC heap after
{Heap after GC invocations=37 (full 2):
 PSYoungGen      total 14848K, used 2496K [0x00000000eab00000, 0x00000000ebd00000, 0x0000000100000000)
  eden space 12288K, 0% used [0x00000000eab00000,0x00000000eab00000,0x00000000eb700000)
  from space 2560K, 97% used [0x00000000eb800000,0x00000000eba70000,0x00000000eba80000)
  to   space 2560K, 0% used [0x00000000eba80000,0x00000000eba80000,0x00000000ebd00000)
 ParOldGen       total 68608K, used 62258K [0x00000000c0000000, 0x00000000c4300000, 0x00000000eab00000)
  object space 68608K, 90% used [0x00000000c0000000,0x00000000c3ccca58,0x00000000c4300000)
 Metaspace       used 51500K, committed 52800K, reserved 1114112K
  class space    used 5435K, committed 6016K, reserved 1048576K
}
Event: 15.248 GC heap before
{Heap before GC invocations=38 (full 2):
 PSYoungGen      total 14848K, used 14784K [0x00000000eab00000, 0x00000000ebd00000, 0x0000000100000000)
  eden space 12288K, 100% used [0x00000000eab00000,0x00000000eb700000,0x00000000eb700000)
  from space 2560K, 97% used [0x00000000eb800000,0x00000000eba70000,0x00000000eba80000)
  to   space 2560K, 0% used [0x00000000eba80000,0x00000000eba80000,0x00000000ebd00000)
 ParOldGen       total 68608K, used 62258K [0x00000000c0000000, 0x00000000c4300000, 0x00000000eab00000)
  object space 68608K, 90% used [0x00000000c0000000,0x00000000c3ccca58,0x00000000c4300000)
 Metaspace       used 51890K, committed 53184K, reserved 1114112K
  class space    used 5466K, committed 6080K, reserved 1048576K
}
Event: 15.251 GC heap after
{Heap after GC invocations=38 (full 2):
 PSYoungGen      total 14848K, used 2449K [0x00000000eab00000, 0x00000000ebd00000, 0x0000000100000000)
  eden space 12288K, 0% used [0x00000000eab00000,0x00000000eab00000,0x00000000eb700000)
  from space 2560K, 95% used [0x00000000eba80000,0x00000000ebce4510,0x00000000ebd00000)
  to   space 2560K, 0% used [0x00000000eb800000,0x00000000eb800000,0x00000000eba80000)
 ParOldGen       total 68608K, used 64502K [0x00000000c0000000, 0x00000000c4300000, 0x00000000eab00000)
  object space 68608K, 94% used [0x00000000c0000000,0x00000000c3efd990,0x00000000c4300000)
 Metaspace       used 51890K, committed 53184K, reserved 1114112K
  class space    used 5466K, committed 6080K, reserved 1048576K
}
Event: 15.349 GC heap before
{Heap before GC invocations=39 (full 2):
 PSYoungGen      total 14848K, used 14737K [0x00000000eab00000, 0x00000000ebd00000, 0x0000000100000000)
  eden space 12288K, 100% used [0x00000000eab00000,0x00000000eb700000,0x00000000eb700000)
  from space 2560K, 95% used [0x00000000eba80000,0x00000000ebce4510,0x00000000ebd00000)
  to   space 2560K, 0% used [0x00000000eb800000,0x00000000eb800000,0x00000000eba80000)
 ParOldGen       total 68608K, used 64502K [0x00000000c0000000, 0x00000000c4300000, 0x00000000eab00000)
  object space 68608K, 94% used [0x00000000c0000000,0x00000000c3efd990,0x00000000c4300000)
 Metaspace       used 51891K, committed 53184K, reserved 1114112K
  class space    used 5466K, committed 6080K, reserved 1048576K
}
Event: 15.355 GC heap after
{Heap after GC invocations=39 (full 2):
 PSYoungGen      total 14848K, used 2530K [0x00000000eab00000, 0x00000000ec500000, 0x0000000100000000)
  eden space 12288K, 0% used [0x00000000eab00000,0x00000000eab00000,0x00000000eb700000)
  from space 2560K, 98% used [0x00000000eb800000,0x00000000eba78990,0x00000000eba80000)
  to   space 7168K, 0% used [0x00000000ebe00000,0x00000000ebe00000,0x00000000ec500000)
 ParOldGen       total 68608K, used 68124K [0x00000000c0000000, 0x00000000c4300000, 0x00000000eab00000)
  object space 68608K, 99% used [0x00000000c0000000,0x00000000c4287370,0x00000000c4300000)
 Metaspace       used 51891K, committed 53184K, reserved 1114112K
  class space    used 5466K, committed 6080K, reserved 1048576K
}

