# JRE version: OpenJDK Runtime Environment Temurin-21.0.7+6 (21.0.7+6) (build 21.0.7+6-LTS)
# Java VM: OpenJDK 64-Bit Server VM Temurin-21.0.7+6 (21.0.7+6-LTS, mixed mode, sharing, tiered, compressed oops, compressed class ptrs, parallel gc, windows-amd64)
GC Precious Log:
 CardTable entry size: 512
 CPUs: 8 total, 8 available
 Memory: 7886M
 Large Page Support: Disabled
 NUMA Support: Disabled
 Compressed Oops: Enabled (32-bit)
 Alignments: Space 512K, Generation 512K, Heap 2M
 Heap Min Capacity: 100M
 Heap Initial Capacity: 100M
 Heap Max Capacity: 1G
 Pre-touch: Disabled
 Parallel Workers: 8
Heap:
 PSYoungGen      total 21504K, used 6324K [0x00000000eab00000, 0x00000000ec400000, 0x0000000100000000)
  eden space 20480K, 26% used [0x00000000eab00000,0x00000000eb0351a8,0x00000000ebf00000)
  from space 1024K, 96% used [0x00000000ec180000,0x00000000ec278020,0x00000000ec280000)
  to   space 2560K, 0% used [0x00000000ebf00000,0x00000000ebf00000,0x00000000ec180000)
 ParOldGen       total 68608K, used 32883K [0x00000000c0000000, 0x00000000c4300000, 0x00000000eab00000)
  object space 68608K, 47% used [0x00000000c0000000,0x00000000c201cde0,0x00000000c4300000)
 Metaspace       used 43254K, committed 44352K, reserved 1114112K
  class space    used 4195K, committed 4672K, reserved 1048576K
GC Heap History (20 events):
Event: 9.705 GC heap before
{Heap before GC invocations=17 (full 1):
 PSYoungGen      total 23040K, used 23032K [0x00000000eab00000, 0x00000000eca00000, 0x0000000100000000)
  eden space 20480K, 100% used [0x00000000eab00000,0x00000000ebf00000,0x00000000ebf00000)
  from space 2560K, 99% used [0x00000000ebf00000,0x00000000ec17e280,0x00000000ec180000)
  to   space 5632K, 0% used [0x00000000ec480000,0x00000000ec480000,0x00000000eca00000)
 ParOldGen       total 68608K, used 25617K [0x00000000c0000000, 0x00000000c4300000, 0x00000000eab00000)
  object space 68608K, 37% used [0x00000000c0000000,0x00000000c19047b8,0x00000000c4300000)
 Metaspace       used 34043K, committed 35008K, reserved 1114112K
  class space    used 3395K, committed 3776K, reserved 1048576K
}
Event: 9.710 GC heap after
{Heap after GC invocations=17 (full 1):
 PSYoungGen      total 22016K, used 1189K [0x00000000eab00000, 0x00000000ec600000, 0x0000000100000000)
  eden space 20480K, 0% used [0x00000000eab00000,0x00000000eab00000,0x00000000ebf00000)
  from space 1536K, 77% used [0x00000000ec480000,0x00000000ec5a9558,0x00000000ec600000)
  to   space 3072K, 0% used [0x00000000ec000000,0x00000000ec000000,0x00000000ec300000)
 ParOldGen       total 68608K, used 27506K [0x00000000c0000000, 0x00000000c4300000, 0x00000000eab00000)
  object space 68608K, 40% used [0x00000000c0000000,0x00000000c1adca38,0x00000000c4300000)
 Metaspace       used 34043K, committed 35008K, reserved 1114112K
  class space    used 3395K, committed 3776K, reserved 1048576K
}
Event: 10.380 GC heap before
{Heap before GC invocations=18 (full 1):
 PSYoungGen      total 22016K, used 21669K [0x00000000eab00000, 0x00000000ec600000, 0x0000000100000000)
  eden space 20480K, 100% used [0x00000000eab00000,0x00000000ebf00000,0x00000000ebf00000)
  from space 1536K, 77% used [0x00000000ec480000,0x00000000ec5a9558,0x00000000ec600000)
  to   space 3072K, 0% used [0x00000000ec000000,0x00000000ec000000,0x00000000ec300000)
 ParOldGen       total 68608K, used 27506K [0x00000000c0000000, 0x00000000c4300000, 0x00000000eab00000)
  object space 68608K, 40% used [0x00000000c0000000,0x00000000c1adca38,0x00000000c4300000)
 Metaspace       used 34922K, committed 35840K, reserved 1114112K
  class space    used 3504K, committed 3904K, reserved 1048576K
}
Event: 10.383 GC heap after
{Heap after GC invocations=18 (full 1):
 PSYoungGen      total 23552K, used 416K [0x00000000eab00000, 0x00000000ec500000, 0x0000000100000000)
  eden space 20480K, 0% used [0x00000000eab00000,0x00000000eab00000,0x00000000ebf00000)
  from space 3072K, 13% used [0x00000000ec000000,0x00000000ec068010,0x00000000ec300000)
  to   space 1024K, 0% used [0x00000000ec400000,0x00000000ec400000,0x00000000ec500000)
 ParOldGen       total 68608K, used 28518K [0x00000000c0000000, 0x00000000c4300000, 0x00000000eab00000)
  object space 68608K, 41% used [0x00000000c0000000,0x00000000c1bd9bf8,0x00000000c4300000)
 Metaspace       used 34922K, committed 35840K, reserved 1114112K
  class space    used 3504K, committed 3904K, reserved 1048576K
}
Event: 10.394 GC heap before
{Heap before GC invocations=19 (full 1):
 PSYoungGen      total 23552K, used 1198K [0x00000000eab00000, 0x00000000ec500000, 0x0000000100000000)
  eden space 20480K, 3% used [0x00000000eab00000,0x00000000eabc39d8,0x00000000ebf00000)
  from space 3072K, 13% used [0x00000000ec000000,0x00000000ec068010,0x00000000ec300000)
  to   space 1024K, 0% used [0x00000000ec400000,0x00000000ec400000,0x00000000ec500000)
 ParOldGen       total 68608K, used 28518K [0x00000000c0000000, 0x00000000c4300000, 0x00000000eab00000)
  object space 68608K, 41% used [0x00000000c0000000,0x00000000c1bd9bf8,0x00000000c4300000)
 Metaspace       used 34956K, committed 35840K, reserved 1114112K
  class space    used 3507K, committed 3904K, reserved 1048576K
}
Event: 10.395 GC heap after
{Heap after GC invocations=19 (full 1):
 PSYoungGen      total 20992K, used 192K [0x00000000eab00000, 0x00000000ec480000, 0x0000000100000000)
  eden space 20480K, 0% used [0x00000000eab00000,0x00000000eab00000,0x00000000ebf00000)
  from space 512K, 37% used [0x00000000ec400000,0x00000000ec430010,0x00000000ec480000)
  to   space 512K, 0% used [0x00000000ec380000,0x00000000ec380000,0x00000000ec400000)
 ParOldGen       total 68608K, used 28782K [0x00000000c0000000, 0x00000000c4300000, 0x00000000eab00000)
  object space 68608K, 41% used [0x00000000c0000000,0x00000000c1c1bbf8,0x00000000c4300000)
 Metaspace       used 34956K, committed 35840K, reserved 1114112K
  class space    used 3507K, committed 3904K, reserved 1048576K
}
Event: 10.395 GC heap before
{Heap before GC invocations=20 (full 2):
 PSYoungGen      total 20992K, used 192K [0x00000000eab00000, 0x00000000ec480000, 0x0000000100000000)
  eden space 20480K, 0% used [0x00000000eab00000,0x00000000eab00000,0x00000000ebf00000)
  from space 512K, 37% used [0x00000000ec400000,0x00000000ec430010,0x00000000ec480000)
  to   space 512K, 0% used [0x00000000ec380000,0x00000000ec380000,0x00000000ec400000)
 ParOldGen       total 68608K, used 28782K [0x00000000c0000000, 0x00000000c4300000, 0x00000000eab00000)
  object space 68608K, 41% used [0x00000000c0000000,0x00000000c1c1bbf8,0x00000000c4300000)
 Metaspace       used 34956K, committed 35840K, reserved 1114112K
  class space    used 3507K, committed 3904K, reserved 1048576K
}
Event: 10.467 GC heap after
{Heap after GC invocations=20 (full 2):
 PSYoungGen      total 20992K, used 0K [0x00000000eab00000, 0x00000000ec480000, 0x0000000100000000)
  eden space 20480K, 0% used [0x00000000eab00000,0x00000000eab00000,0x00000000ebf00000)
  from space 512K, 0% used [0x00000000ec400000,0x00000000ec400000,0x00000000ec480000)
  to   space 512K, 0% used [0x00000000ec380000,0x00000000ec380000,0x00000000ec400000)
 ParOldGen       total 68608K, used 27818K [0x00000000c0000000, 0x00000000c4300000, 0x00000000eab00000)
  object space 68608K, 40% used [0x00000000c0000000,0x00000000c1b2a970,0x00000000c4300000)
 Metaspace       used 34956K, committed 35840K, reserved 1114112K
  class space    used 3507K, committed 3904K, reserved 1048576K
}
Event: 12.345 GC heap before
{Heap before GC invocations=21 (full 2):
 PSYoungGen      total 20992K, used 20480K [0x00000000eab00000, 0x00000000ec480000, 0x0000000100000000)
  eden space 20480K, 100% used [0x00000000eab00000,0x00000000ebf00000,0x00000000ebf00000)
  from space 512K, 0% used [0x00000000ec400000,0x00000000ec400000,0x00000000ec480000)
  to   space 512K, 0% used [0x00000000ec380000,0x00000000ec380000,0x00000000ec400000)
 ParOldGen       total 68608K, used 27818K [0x00000000c0000000, 0x00000000c4300000, 0x00000000eab00000)
  object space 68608K, 40% used [0x00000000c0000000,0x00000000c1b2a970,0x00000000c4300000)
 Metaspace       used 37072K, committed 38016K, reserved 1114112K
  class space    used 3689K, committed 4096K, reserved 1048576K
}
Event: 12.347 GC heap after
{Heap after GC invocations=21 (full 2):
 PSYoungGen      total 20992K, used 512K [0x00000000eab00000, 0x00000000ec480000, 0x0000000100000000)
  eden space 20480K, 0% used [0x00000000eab00000,0x00000000eab00000,0x00000000ebf00000)
  from space 512K, 100% used [0x00000000ec380000,0x00000000ec400000,0x00000000ec400000)
  to   space 512K, 0% used [0x00000000ec400000,0x00000000ec400000,0x00000000ec480000)
 ParOldGen       total 68608K, used 27898K [0x00000000c0000000, 0x00000000c4300000, 0x00000000eab00000)
  object space 68608K, 40% used [0x00000000c0000000,0x00000000c1b3e970,0x00000000c4300000)
 Metaspace       used 37072K, committed 38016K, reserved 1114112K
  class space    used 3689K, committed 4096K, reserved 1048576K
}
Event: 13.303 GC heap before
{Heap before GC invocations=22 (full 2):
 PSYoungGen      total 20992K, used 20992K [0x00000000eab00000, 0x00000000ec480000, 0x0000000100000000)
  eden space 20480K, 100% used [0x00000000eab00000,0x00000000ebf00000,0x00000000ebf00000)
  from space 512K, 100% used [0x00000000ec380000,0x00000000ec400000,0x00000000ec400000)
  to   space 512K, 0% used [0x00000000ec400000,0x00000000ec400000,0x00000000ec480000)
 ParOldGen       total 68608K, used 27898K [0x00000000c0000000, 0x00000000c4300000, 0x00000000eab00000)
  object space 68608K, 40% used [0x00000000c0000000,0x00000000c1b3e970,0x00000000c4300000)
 Metaspace       used 39536K, committed 40512K, reserved 1114112K
  class space    used 3902K, committed 4352K, reserved 1048576K
}
Event: 13.308 GC heap after
{Heap after GC invocations=22 (full 2):
 PSYoungGen      total 20992K, used 480K [0x00000000eab00000, 0x00000000ec480000, 0x0000000100000000)
  eden space 20480K, 0% used [0x00000000eab00000,0x00000000eab00000,0x00000000ebf00000)
  from space 512K, 93% used [0x00000000ec400000,0x00000000ec478020,0x00000000ec480000)
  to   space 2560K, 0% used [0x00000000ebf80000,0x00000000ebf80000,0x00000000ec200000)
 ParOldGen       total 68608K, used 29290K [0x00000000c0000000, 0x00000000c4300000, 0x00000000eab00000)
  object space 68608K, 42% used [0x00000000c0000000,0x00000000c1c9aa58,0x00000000c4300000)
 Metaspace       used 39536K, committed 40512K, reserved 1114112K
  class space    used 3902K, committed 4352K, reserved 1048576K
}
Event: 13.927 GC heap before
{Heap before GC invocations=23 (full 2):
 PSYoungGen      total 20992K, used 20960K [0x00000000eab00000, 0x00000000ec480000, 0x0000000100000000)
  eden space 20480K, 100% used [0x00000000eab00000,0x00000000ebf00000,0x00000000ebf00000)
  from space 512K, 93% used [0x00000000ec400000,0x00000000ec478020,0x00000000ec480000)
  to   space 2560K, 0% used [0x00000000ebf80000,0x00000000ebf80000,0x00000000ec200000)
 ParOldGen       total 68608K, used 29290K [0x00000000c0000000, 0x00000000c4300000, 0x00000000eab00000)
  object space 68608K, 42% used [0x00000000c0000000,0x00000000c1c9aa58,0x00000000c4300000)
 Metaspace       used 40489K, committed 41536K, reserved 1114112K
  class space    used 3998K, committed 4480K, reserved 1048576K
}
Event: 13.932 GC heap after
{Heap after GC invocations=23 (full 2):
 PSYoungGen      total 23040K, used 2484K [0x00000000eab00000, 0x00000000ec500000, 0x0000000100000000)
  eden space 20480K, 0% used [0x00000000eab00000,0x00000000eab00000,0x00000000ebf00000)
  from space 2560K, 97% used [0x00000000ebf80000,0x00000000ec1ed008,0x00000000ec200000)
  to   space 3072K, 0% used [0x00000000ec200000,0x00000000ec200000,0x00000000ec500000)
 ParOldGen       total 68608K, used 29794K [0x00000000c0000000, 0x00000000c4300000, 0x00000000eab00000)
  object space 68608K, 43% used [0x00000000c0000000,0x00000000c1d18b98,0x00000000c4300000)
 Metaspace       used 40489K, committed 41536K, reserved 1114112K
  class space    used 3998K, committed 4480K, reserved 1048576K
}
Event: 14.186 GC heap before
{Heap before GC invocations=24 (full 2):
 PSYoungGen      total 23040K, used 22964K [0x00000000eab00000, 0x00000000ec500000, 0x0000000100000000)
  eden space 20480K, 100% used [0x00000000eab00000,0x00000000ebf00000,0x00000000ebf00000)
  from space 2560K, 97% used [0x00000000ebf80000,0x00000000ec1ed008,0x00000000ec200000)
  to   space 3072K, 0% used [0x00000000ec200000,0x00000000ec200000,0x00000000ec500000)
 ParOldGen       total 68608K, used 29794K [0x00000000c0000000, 0x00000000c4300000, 0x00000000eab00000)
  object space 68608K, 43% used [0x00000000c0000000,0x00000000c1d18b98,0x00000000c4300000)
 Metaspace       used 40788K, committed 41856K, reserved 1114112K
  class space    used 4011K, committed 4480K, reserved 1048576K
}
Event: 14.193 GC heap after
{Heap after GC invocations=24 (full 2):
 PSYoungGen      total 22528K, used 1641K [0x00000000eab00000, 0x00000000ec400000, 0x0000000100000000)
  eden space 20480K, 0% used [0x00000000eab00000,0x00000000eab00000,0x00000000ebf00000)
  from space 2048K, 80% used [0x00000000ec200000,0x00000000ec39a518,0x00000000ec400000)
  to   space 2048K, 0% used [0x00000000ec000000,0x00000000ec000000,0x00000000ec200000)
 ParOldGen       total 68608K, used 31287K [0x00000000c0000000, 0x00000000c4300000, 0x00000000eab00000)
  object space 68608K, 45% used [0x00000000c0000000,0x00000000c1e8de28,0x00000000c4300000)
 Metaspace       used 40788K, committed 41856K, reserved 1114112K
  class space    used 4011K, committed 4480K, reserved 1048576K
}
Event: 14.750 GC heap before
{Heap before GC invocations=25 (full 2):
 PSYoungGen      total 22528K, used 22121K [0x00000000eab00000, 0x00000000ec400000, 0x0000000100000000)
  eden space 20480K, 100% used [0x00000000eab00000,0x00000000ebf00000,0x00000000ebf00000)
  from space 2048K, 80% used [0x00000000ec200000,0x00000000ec39a518,0x00000000ec400000)
  to   space 2048K, 0% used [0x00000000ec000000,0x00000000ec000000,0x00000000ec200000)
 ParOldGen       total 68608K, used 31287K [0x00000000c0000000, 0x00000000c4300000, 0x00000000eab00000)
  object space 68608K, 45% used [0x00000000c0000000,0x00000000c1e8de28,0x00000000c4300000)
 Metaspace       used 41809K, committed 42816K, reserved 1114112K
  class space    used 4084K, committed 4544K, reserved 1048576K
}
Event: 14.753 GC heap after
{Heap after GC invocations=25 (full 2):
 PSYoungGen      total 21504K, used 576K [0x00000000eab00000, 0x00000000ec280000, 0x0000000100000000)
  eden space 20480K, 0% used [0x00000000eab00000,0x00000000eab00000,0x00000000ebf00000)
  from space 1024K, 56% used [0x00000000ec000000,0x00000000ec090000,0x00000000ec100000)
  to   space 1024K, 0% used [0x00000000ec180000,0x00000000ec180000,0x00000000ec280000)
 ParOldGen       total 68608K, used 31882K [0x00000000c0000000, 0x00000000c4300000, 0x00000000eab00000)
  object space 68608K, 46% used [0x00000000c0000000,0x00000000c1f22a78,0x00000000c4300000)
 Metaspace       used 41809K, committed 42816K, reserved 1114112K
  class space    used 4084K, committed 4544K, reserved 1048576K
}
Event: 15.526 GC heap before
{Heap before GC invocations=26 (full 2):
 PSYoungGen      total 21504K, used 21056K [0x00000000eab00000, 0x00000000ec280000, 0x0000000100000000)
  eden space 20480K, 100% used [0x00000000eab00000,0x00000000ebf00000,0x00000000ebf00000)
  from space 1024K, 56% used [0x00000000ec000000,0x00000000ec090000,0x00000000ec100000)
  to   space 1024K, 0% used [0x00000000ec180000,0x00000000ec180000,0x00000000ec280000)
 ParOldGen       total 68608K, used 31882K [0x00000000c0000000, 0x00000000c4300000, 0x00000000eab00000)
  object space 68608K, 46% used [0x00000000c0000000,0x00000000c1f22a78,0x00000000c4300000)
 Metaspace       used 43091K, committed 44160K, reserved 1114112K
  class space    used 4183K, committed 4672K, reserved 1048576K
}
Event: 15.531 GC heap after
{Heap after GC invocations=26 (full 2):
 PSYoungGen      total 21504K, used 992K [0x00000000eab00000, 0x00000000ec400000, 0x0000000100000000)
  eden space 20480K, 0% used [0x00000000eab00000,0x00000000eab00000,0x00000000ebf00000)
  from space 1024K, 96% used [0x00000000ec180000,0x00000000ec278020,0x00000000ec280000)
  to   space 2560K, 0% used [0x00000000ebf00000,0x00000000ebf00000,0x00000000ec180000)
 ParOldGen       total 68608K, used 32883K [0x00000000c0000000, 0x00000000c4300000, 0x00000000eab00000)
  object space 68608K, 47% used [0x00000000c0000000,0x00000000c201cde0,0x00000000c4300000)
 Metaspace       used 43091K, committed 44160K, reserved 1114112K
  class space    used 4183K, committed 4672K, reserved 1048576K
}

