# JRE version: OpenJDK Runtime Environment Temurin-21.0.7+6 (21.0.7+6) (build 21.0.7+6-LTS)
# Java VM: OpenJDK 64-Bit Server VM Temurin-21.0.7+6 (21.0.7+6-LTS, mixed mode, sharing, tiered, compressed oops, compressed class ptrs, parallel gc, windows-amd64)
GC Precious Log:
 CardTable entry size: 512
 CPUs: 8 total, 8 available
 Memory: 7886M
 Large Page Support: Disabled
 NUMA Support: Disabled
 Compressed Oops: Enabled (32-bit)
 Alignments: Space 512K, Generation 512K, Heap 2M
 Heap Min Capacity: 100M
 Heap Initial Capacity: 100M
 Heap Max Capacity: 1G
 Pre-touch: Disabled
 Parallel Workers: 8
Heap:
 PSYoungGen      total 21504K, used 14949K [0x00000000eab00000, 0x00000000ec280000, 0x0000000100000000)
  eden space 19968K, 67% used [0x00000000eab00000,0x00000000eb828250,0x00000000ebe80000)
  from space 1536K, 96% used [0x00000000ebe80000,0x00000000ebff1448,0x00000000ec000000)
  to   space 2048K, 0% used [0x00000000ec080000,0x00000000ec080000,0x00000000ec280000)
 ParOldGen       total 68608K, used 33332K [0x00000000c0000000, 0x00000000c4300000, 0x00000000eab00000)
  object space 68608K, 48% used [0x00000000c0000000,0x00000000c208d330,0x00000000c4300000)
 Metaspace       used 44070K, committed 45184K, reserved 1114112K
  class space    used 4314K, committed 4800K, reserved 1048576K
GC Heap History (20 events):
Event: 8.890 GC heap before
{Heap before GC invocations=18 (full 1):
 PSYoungGen      total 22016K, used 22004K [0x00000000eab00000, 0x00000000ec300000, 0x0000000100000000)
  eden space 20480K, 100% used [0x00000000eab00000,0x00000000ebf00000,0x00000000ebf00000)
  from space 1536K, 99% used [0x00000000ec180000,0x00000000ec2fd3f8,0x00000000ec300000)
  to   space 2048K, 0% used [0x00000000ebf00000,0x00000000ebf00000,0x00000000ec100000)
 ParOldGen       total 68608K, used 27944K [0x00000000c0000000, 0x00000000c4300000, 0x00000000eab00000)
  object space 68608K, 40% used [0x00000000c0000000,0x00000000c1b4a070,0x00000000c4300000)
 Metaspace       used 34885K, committed 35840K, reserved 1114112K
  class space    used 3539K, committed 3968K, reserved 1048576K
}
Event: 8.895 GC heap after
{Heap after GC invocations=18 (full 1):
 PSYoungGen      total 22528K, used 384K [0x00000000eab00000, 0x00000000ec200000, 0x0000000100000000)
  eden space 20480K, 0% used [0x00000000eab00000,0x00000000eab00000,0x00000000ebf00000)
  from space 2048K, 18% used [0x00000000ebf00000,0x00000000ebf60000,0x00000000ec100000)
  to   space 1024K, 0% used [0x00000000ec100000,0x00000000ec100000,0x00000000ec200000)
 ParOldGen       total 68608K, used 29212K [0x00000000c0000000, 0x00000000c4300000, 0x00000000eab00000)
  object space 68608K, 42% used [0x00000000c0000000,0x00000000c1c87180,0x00000000c4300000)
 Metaspace       used 34885K, committed 35840K, reserved 1114112K
  class space    used 3539K, committed 3968K, reserved 1048576K
}
Event: 8.897 GC heap before
{Heap before GC invocations=19 (full 1):
 PSYoungGen      total 22528K, used 875K [0x00000000eab00000, 0x00000000ec200000, 0x0000000100000000)
  eden space 20480K, 2% used [0x00000000eab00000,0x00000000eab7aed8,0x00000000ebf00000)
  from space 2048K, 18% used [0x00000000ebf00000,0x00000000ebf60000,0x00000000ec100000)
  to   space 1024K, 0% used [0x00000000ec100000,0x00000000ec100000,0x00000000ec200000)
 ParOldGen       total 68608K, used 29212K [0x00000000c0000000, 0x00000000c4300000, 0x00000000eab00000)
  object space 68608K, 42% used [0x00000000c0000000,0x00000000c1c87180,0x00000000c4300000)
 Metaspace       used 34886K, committed 35840K, reserved 1114112K
  class space    used 3539K, committed 3968K, reserved 1048576K
}
Event: 8.899 GC heap after
{Heap after GC invocations=19 (full 1):
 PSYoungGen      total 20992K, used 192K [0x00000000eab00000, 0x00000000ec180000, 0x0000000100000000)
  eden space 20480K, 0% used [0x00000000eab00000,0x00000000eab00000,0x00000000ebf00000)
  from space 512K, 37% used [0x00000000ec100000,0x00000000ec130010,0x00000000ec180000)
  to   space 512K, 0% used [0x00000000ec080000,0x00000000ec080000,0x00000000ec100000)
 ParOldGen       total 68608K, used 29468K [0x00000000c0000000, 0x00000000c4300000, 0x00000000eab00000)
  object space 68608K, 42% used [0x00000000c0000000,0x00000000c1cc7180,0x00000000c4300000)
 Metaspace       used 34886K, committed 35840K, reserved 1114112K
  class space    used 3539K, committed 3968K, reserved 1048576K
}
Event: 8.899 GC heap before
{Heap before GC invocations=20 (full 2):
 PSYoungGen      total 20992K, used 192K [0x00000000eab00000, 0x00000000ec180000, 0x0000000100000000)
  eden space 20480K, 0% used [0x00000000eab00000,0x00000000eab00000,0x00000000ebf00000)
  from space 512K, 37% used [0x00000000ec100000,0x00000000ec130010,0x00000000ec180000)
  to   space 512K, 0% used [0x00000000ec080000,0x00000000ec080000,0x00000000ec100000)
 ParOldGen       total 68608K, used 29468K [0x00000000c0000000, 0x00000000c4300000, 0x00000000eab00000)
  object space 68608K, 42% used [0x00000000c0000000,0x00000000c1cc7180,0x00000000c4300000)
 Metaspace       used 34886K, committed 35840K, reserved 1114112K
  class space    used 3539K, committed 3968K, reserved 1048576K
}
Event: 8.976 GC heap after
{Heap after GC invocations=20 (full 2):
 PSYoungGen      total 20992K, used 0K [0x00000000eab00000, 0x00000000ec180000, 0x0000000100000000)
  eden space 20480K, 0% used [0x00000000eab00000,0x00000000eab00000,0x00000000ebf00000)
  from space 512K, 0% used [0x00000000ec100000,0x00000000ec100000,0x00000000ec180000)
  to   space 512K, 0% used [0x00000000ec080000,0x00000000ec080000,0x00000000ec100000)
 ParOldGen       total 68608K, used 27897K [0x00000000c0000000, 0x00000000c4300000, 0x00000000eab00000)
  object space 68608K, 40% used [0x00000000c0000000,0x00000000c1b3e768,0x00000000c4300000)
 Metaspace       used 34799K, committed 35840K, reserved 1114112K
  class space    used 3515K, committed 3968K, reserved 1048576K
}
Event: 9.599 GC heap before
{Heap before GC invocations=21 (full 2):
 PSYoungGen      total 20992K, used 20480K [0x00000000eab00000, 0x00000000ec180000, 0x0000000100000000)
  eden space 20480K, 100% used [0x00000000eab00000,0x00000000ebf00000,0x00000000ebf00000)
  from space 512K, 0% used [0x00000000ec100000,0x00000000ec100000,0x00000000ec180000)
  to   space 512K, 0% used [0x00000000ec080000,0x00000000ec080000,0x00000000ec100000)
 ParOldGen       total 68608K, used 27897K [0x00000000c0000000, 0x00000000c4300000, 0x00000000eab00000)
  object space 68608K, 40% used [0x00000000c0000000,0x00000000c1b3e768,0x00000000c4300000)
 Metaspace       used 36812K, committed 37824K, reserved 1114112K
  class space    used 3719K, committed 4224K, reserved 1048576K
}
Event: 9.601 GC heap after
{Heap after GC invocations=21 (full 2):
 PSYoungGen      total 20992K, used 512K [0x00000000eab00000, 0x00000000ec180000, 0x0000000100000000)
  eden space 20480K, 0% used [0x00000000eab00000,0x00000000eab00000,0x00000000ebf00000)
  from space 512K, 100% used [0x00000000ec080000,0x00000000ec100000,0x00000000ec100000)
  to   space 512K, 0% used [0x00000000ec100000,0x00000000ec100000,0x00000000ec180000)
 ParOldGen       total 68608K, used 27921K [0x00000000c0000000, 0x00000000c4300000, 0x00000000eab00000)
  object space 68608K, 40% used [0x00000000c0000000,0x00000000c1b44768,0x00000000c4300000)
 Metaspace       used 36812K, committed 37824K, reserved 1114112K
  class space    used 3719K, committed 4224K, reserved 1048576K
}
Event: 10.551 GC heap before
{Heap before GC invocations=22 (full 2):
 PSYoungGen      total 20992K, used 20992K [0x00000000eab00000, 0x00000000ec180000, 0x0000000100000000)
  eden space 20480K, 100% used [0x00000000eab00000,0x00000000ebf00000,0x00000000ebf00000)
  from space 512K, 100% used [0x00000000ec080000,0x00000000ec100000,0x00000000ec100000)
  to   space 512K, 0% used [0x00000000ec100000,0x00000000ec100000,0x00000000ec180000)
 ParOldGen       total 68608K, used 27921K [0x00000000c0000000, 0x00000000c4300000, 0x00000000eab00000)
  object space 68608K, 40% used [0x00000000c0000000,0x00000000c1b44768,0x00000000c4300000)
 Metaspace       used 38714K, committed 39808K, reserved 1114112K
  class space    used 3873K, committed 4352K, reserved 1048576K
}
Event: 10.556 GC heap after
{Heap after GC invocations=22 (full 2):
 PSYoungGen      total 20992K, used 505K [0x00000000eab00000, 0x00000000ec300000, 0x0000000100000000)
  eden space 20480K, 0% used [0x00000000eab00000,0x00000000eab00000,0x00000000ebf00000)
  from space 512K, 98% used [0x00000000ec100000,0x00000000ec17e490,0x00000000ec180000)
  to   space 2048K, 0% used [0x00000000ebf00000,0x00000000ebf00000,0x00000000ec100000)
 ParOldGen       total 68608K, used 28977K [0x00000000c0000000, 0x00000000c4300000, 0x00000000eab00000)
  object space 68608K, 42% used [0x00000000c0000000,0x00000000c1c4c6b8,0x00000000c4300000)
 Metaspace       used 38714K, committed 39808K, reserved 1114112K
  class space    used 3873K, committed 4352K, reserved 1048576K
}
Event: 11.268 GC heap before
{Heap before GC invocations=23 (full 2):
 PSYoungGen      total 20992K, used 20985K [0x00000000eab00000, 0x00000000ec300000, 0x0000000100000000)
  eden space 20480K, 100% used [0x00000000eab00000,0x00000000ebf00000,0x00000000ebf00000)
  from space 512K, 98% used [0x00000000ec100000,0x00000000ec17e490,0x00000000ec180000)
  to   space 2048K, 0% used [0x00000000ebf00000,0x00000000ebf00000,0x00000000ec100000)
 ParOldGen       total 68608K, used 28977K [0x00000000c0000000, 0x00000000c4300000, 0x00000000eab00000)
  object space 68608K, 42% used [0x00000000c0000000,0x00000000c1c4c6b8,0x00000000c4300000)
 Metaspace       used 40265K, committed 41280K, reserved 1114112K
  class space    used 4003K, committed 4480K, reserved 1048576K
}
Event: 11.273 GC heap after
{Heap after GC invocations=23 (full 2):
 PSYoungGen      total 22528K, used 2032K [0x00000000eab00000, 0x00000000ec400000, 0x0000000100000000)
  eden space 20480K, 0% used [0x00000000eab00000,0x00000000eab00000,0x00000000ebf00000)
  from space 2048K, 99% used [0x00000000ebf00000,0x00000000ec0fc040,0x00000000ec100000)
  to   space 2560K, 0% used [0x00000000ec180000,0x00000000ec180000,0x00000000ec400000)
 ParOldGen       total 68608K, used 29482K [0x00000000c0000000, 0x00000000c4300000, 0x00000000eab00000)
  object space 68608K, 42% used [0x00000000c0000000,0x00000000c1ccab58,0x00000000c4300000)
 Metaspace       used 40265K, committed 41280K, reserved 1114112K
  class space    used 4003K, committed 4480K, reserved 1048576K
}
Event: 11.586 GC heap before
{Heap before GC invocations=24 (full 2):
 PSYoungGen      total 22528K, used 22418K [0x00000000eab00000, 0x00000000ec400000, 0x0000000100000000)
  eden space 20480K, 99% used [0x00000000eab00000,0x00000000ebee8bb0,0x00000000ebf00000)
  from space 2048K, 99% used [0x00000000ebf00000,0x00000000ec0fc040,0x00000000ec100000)
  to   space 2560K, 0% used [0x00000000ec180000,0x00000000ec180000,0x00000000ec400000)
 ParOldGen       total 68608K, used 29482K [0x00000000c0000000, 0x00000000c4300000, 0x00000000eab00000)
  object space 68608K, 42% used [0x00000000c0000000,0x00000000c1ccab58,0x00000000c4300000)
 Metaspace       used 40556K, committed 41536K, reserved 1114112K
  class space    used 4030K, committed 4480K, reserved 1048576K
}
Event: 11.592 GC heap after
{Heap after GC invocations=24 (full 2):
 PSYoungGen      total 22528K, used 1908K [0x00000000eab00000, 0x00000000ec380000, 0x0000000100000000)
  eden space 20480K, 0% used [0x00000000eab00000,0x00000000eab00000,0x00000000ebf00000)
  from space 2048K, 93% used [0x00000000ec180000,0x00000000ec35d158,0x00000000ec380000)
  to   space 2048K, 0% used [0x00000000ebf00000,0x00000000ebf00000,0x00000000ec100000)
 ParOldGen       total 68608K, used 31335K [0x00000000c0000000, 0x00000000c4300000, 0x00000000eab00000)
  object space 68608K, 45% used [0x00000000c0000000,0x00000000c1e99dd0,0x00000000c4300000)
 Metaspace       used 40556K, committed 41536K, reserved 1114112K
  class space    used 4030K, committed 4480K, reserved 1048576K
}
Event: 11.702 GC heap before
{Heap before GC invocations=25 (full 2):
 PSYoungGen      total 22528K, used 22388K [0x00000000eab00000, 0x00000000ec380000, 0x0000000100000000)
  eden space 20480K, 100% used [0x00000000eab00000,0x00000000ebf00000,0x00000000ebf00000)
  from space 2048K, 93% used [0x00000000ec180000,0x00000000ec35d158,0x00000000ec380000)
  to   space 2048K, 0% used [0x00000000ebf00000,0x00000000ebf00000,0x00000000ec100000)
 ParOldGen       total 68608K, used 31335K [0x00000000c0000000, 0x00000000c4300000, 0x00000000eab00000)
  object space 68608K, 45% used [0x00000000c0000000,0x00000000c1e99dd0,0x00000000c4300000)
 Metaspace       used 41223K, committed 42240K, reserved 1114112K
  class space    used 4082K, committed 4544K, reserved 1048576K
}
Event: 11.707 GC heap after
{Heap after GC invocations=25 (full 2):
 PSYoungGen      total 22528K, used 352K [0x00000000eab00000, 0x00000000ec200000, 0x0000000100000000)
  eden space 20480K, 0% used [0x00000000eab00000,0x00000000eab00000,0x00000000ebf00000)
  from space 2048K, 17% used [0x00000000ebf00000,0x00000000ebf58000,0x00000000ec100000)
  to   space 1024K, 0% used [0x00000000ec100000,0x00000000ec100000,0x00000000ec200000)
 ParOldGen       total 68608K, used 31519K [0x00000000c0000000, 0x00000000c4300000, 0x00000000eab00000)
  object space 68608K, 45% used [0x00000000c0000000,0x00000000c1ec7f00,0x00000000c4300000)
 Metaspace       used 41223K, committed 42240K, reserved 1114112K
  class space    used 4082K, committed 4544K, reserved 1048576K
}
Event: 12.034 GC heap before
{Heap before GC invocations=26 (full 2):
 PSYoungGen      total 22528K, used 20831K [0x00000000eab00000, 0x00000000ec200000, 0x0000000100000000)
  eden space 20480K, 99% used [0x00000000eab00000,0x00000000ebefffc8,0x00000000ebf00000)
  from space 2048K, 17% used [0x00000000ebf00000,0x00000000ebf58000,0x00000000ec100000)
  to   space 1024K, 0% used [0x00000000ec100000,0x00000000ec100000,0x00000000ec200000)
 ParOldGen       total 68608K, used 31519K [0x00000000c0000000, 0x00000000c4300000, 0x00000000eab00000)
  object space 68608K, 45% used [0x00000000c0000000,0x00000000c1ec7f00,0x00000000c4300000)
 Metaspace       used 42310K, committed 43392K, reserved 1114112K
  class space    used 4169K, committed 4672K, reserved 1048576K
}
Event: 12.040 GC heap after
{Heap after GC invocations=26 (full 2):
 PSYoungGen      total 20992K, used 1006K [0x00000000eab00000, 0x00000000ec400000, 0x0000000100000000)
  eden space 19968K, 0% used [0x00000000eab00000,0x00000000eab00000,0x00000000ebe80000)
  from space 1024K, 98% used [0x00000000ec100000,0x00000000ec1fba60,0x00000000ec200000)
  to   space 2560K, 0% used [0x00000000ebe80000,0x00000000ebe80000,0x00000000ec100000)
 ParOldGen       total 68608K, used 32341K [0x00000000c0000000, 0x00000000c4300000, 0x00000000eab00000)
  object space 68608K, 47% used [0x00000000c0000000,0x00000000c1f955f8,0x00000000c4300000)
 Metaspace       used 42310K, committed 43392K, reserved 1114112K
  class space    used 4169K, committed 4672K, reserved 1048576K
}
Event: 12.700 GC heap before
{Heap before GC invocations=27 (full 2):
 PSYoungGen      total 20992K, used 20974K [0x00000000eab00000, 0x00000000ec400000, 0x0000000100000000)
  eden space 19968K, 100% used [0x00000000eab00000,0x00000000ebe80000,0x00000000ebe80000)
  from space 1024K, 98% used [0x00000000ec100000,0x00000000ec1fba60,0x00000000ec200000)
  to   space 2560K, 0% used [0x00000000ebe80000,0x00000000ebe80000,0x00000000ec100000)
 ParOldGen       total 68608K, used 32341K [0x00000000c0000000, 0x00000000c4300000, 0x00000000eab00000)
  object space 68608K, 47% used [0x00000000c0000000,0x00000000c1f955f8,0x00000000c4300000)
 Metaspace       used 43700K, committed 44800K, reserved 1114112K
  class space    used 4303K, committed 4800K, reserved 1048576K
}
Event: 12.706 GC heap after
{Heap after GC invocations=27 (full 2):
 PSYoungGen      total 21504K, used 1477K [0x00000000eab00000, 0x00000000ec280000, 0x0000000100000000)
  eden space 19968K, 0% used [0x00000000eab00000,0x00000000eab00000,0x00000000ebe80000)
  from space 1536K, 96% used [0x00000000ebe80000,0x00000000ebff1448,0x00000000ec000000)
  to   space 2048K, 0% used [0x00000000ec080000,0x00000000ec080000,0x00000000ec280000)
 ParOldGen       total 68608K, used 33332K [0x00000000c0000000, 0x00000000c4300000, 0x00000000eab00000)
  object space 68608K, 48% used [0x00000000c0000000,0x00000000c208d330,0x00000000c4300000)
 Metaspace       used 43700K, committed 44800K, reserved 1114112K
  class space    used 4303K, committed 4800K, reserved 1048576K
}

