# JRE version: OpenJDK Runtime Environment Temurin-21.0.7+6 (21.0.7+6) (build 21.0.7+6-LTS)
# Java VM: OpenJDK 64-Bit Server VM Temurin-21.0.7+6 (21.0.7+6-LTS, mixed mode, sharing, tiered, compressed oops, compressed class ptrs, parallel gc, windows-amd64)
GC Precious Log:
 CardTable entry size: 512
 CPUs: 8 total, 8 available
 Memory: 7886M
 Large Page Support: Disabled
 NUMA Support: Disabled
 Compressed Oops: Enabled (32-bit)
 Alignments: Space 512K, Generation 512K, Heap 2M
 Heap Min Capacity: 100M
 Heap Initial Capacity: 100M
 Heap Max Capacity: 1G
 Pre-touch: Disabled
 Parallel Workers: 8
Heap:
 PSYoungGen      total 7680K, used 3061K [0x00000000eab00000, 0x00000000eb680000, 0x0000000100000000)
  eden space 4608K, 0% used [0x00000000eab00000,0x00000000eab00000,0x00000000eaf80000)
  from space 3072K, 99% used [0x00000000eb380000,0x00000000eb67d4d0,0x00000000eb680000)
  to   space 1536K, 0% used [0x00000000eaf80000,0x00000000eaf80000,0x00000000eb100000)
 ParOldGen       total 603136K, used 602666K [0x00000000c0000000, 0x00000000e4d00000, 0x00000000eab00000)
  object space 603136K, 99% used [0x00000000c0000000,0x00000000e4c8a940,0x00000000e4d00000)
 Metaspace       used 84931K, committed 86464K, reserved 1179648K
  class space    used 8157K, committed 8896K, reserved 1048576K
GC Heap History (20 events):
Event: 2323.804 GC heap before
{Heap before GC invocations=3005 (full 10):
 PSYoungGen      total 8192K, used 8000K [0x00000000eab00000, 0x00000000eb700000, 0x0000000100000000)
  eden space 5120K, 100% used [0x00000000eab00000,0x00000000eb000000,0x00000000eb000000)
  from space 3072K, 93% used [0x00000000eb000000,0x00000000eb2d0000,0x00000000eb300000)
  to   space 3072K, 0% used [0x00000000eb400000,0x00000000eb400000,0x00000000eb700000)
 ParOldGen       total 559104K, used 558647K [0x00000000c0000000, 0x00000000e2200000, 0x00000000eab00000)
  object space 559104K, 99% used [0x00000000c0000000,0x00000000e218deb8,0x00000000e2200000)
 Metaspace       used 84859K, committed 86400K, reserved 1179648K
  class space    used 8147K, committed 8896K, reserved 1048576K
}
Event: 2323.815 GC heap after
{Heap after GC invocations=3005 (full 10):
 PSYoungGen      total 5632K, used 3072K [0x00000000eab00000, 0x00000000ebe00000, 0x0000000100000000)
  eden space 2560K, 0% used [0x00000000eab00000,0x00000000eab00000,0x00000000ead80000)
  from space 3072K, 100% used [0x00000000eb400000,0x00000000eb700000,0x00000000eb700000)
  to   space 6656K, 0% used [0x00000000ead80000,0x00000000ead80000,0x00000000eb400000)
 ParOldGen       total 561664K, used 561519K [0x00000000c0000000, 0x00000000e2480000, 0x00000000eab00000)
  object space 561664K, 99% used [0x00000000c0000000,0x00000000e245bed8,0x00000000e2480000)
 Metaspace       used 84859K, committed 86400K, reserved 1179648K
  class space    used 8147K, committed 8896K, reserved 1048576K
}
Event: 2323.824 GC heap before
{Heap before GC invocations=3006 (full 10):
 PSYoungGen      total 5632K, used 5631K [0x00000000eab00000, 0x00000000ebe00000, 0x0000000100000000)
  eden space 2560K, 99% used [0x00000000eab00000,0x00000000ead7ffe0,0x00000000ead80000)
  from space 3072K, 100% used [0x00000000eb400000,0x00000000eb700000,0x00000000eb700000)
  to   space 6656K, 0% used [0x00000000ead80000,0x00000000ead80000,0x00000000eb400000)
 ParOldGen       total 561664K, used 561519K [0x00000000c0000000, 0x00000000e2480000, 0x00000000eab00000)
  object space 561664K, 99% used [0x00000000c0000000,0x00000000e245bed8,0x00000000e2480000)
 Metaspace       used 84860K, committed 86400K, reserved 1179648K
  class space    used 8147K, committed 8896K, reserved 1048576K
}
Event: 2323.834 GC heap after
{Heap after GC invocations=3006 (full 10):
 PSYoungGen      total 4608K, used 2016K [0x00000000eab00000, 0x00000000eb500000, 0x0000000100000000)
  eden space 2560K, 0% used [0x00000000eab00000,0x00000000eab00000,0x00000000ead80000)
  from space 2048K, 98% used [0x00000000ead80000,0x00000000eaf78000,0x00000000eaf80000)
  to   space 3584K, 0% used [0x00000000eb180000,0x00000000eb180000,0x00000000eb500000)
 ParOldGen       total 564736K, used 564623K [0x00000000c0000000, 0x00000000e2780000, 0x00000000eab00000)
  object space 564736K, 99% used [0x00000000c0000000,0x00000000e2763ef8,0x00000000e2780000)
 Metaspace       used 84860K, committed 86400K, reserved 1179648K
  class space    used 8147K, committed 8896K, reserved 1048576K
}
Event: 2323.839 GC heap before
{Heap before GC invocations=3007 (full 10):
 PSYoungGen      total 4608K, used 4575K [0x00000000eab00000, 0x00000000eb500000, 0x0000000100000000)
  eden space 2560K, 99% used [0x00000000eab00000,0x00000000ead7fff8,0x00000000ead80000)
  from space 2048K, 98% used [0x00000000ead80000,0x00000000eaf78000,0x00000000eaf80000)
  to   space 3584K, 0% used [0x00000000eb180000,0x00000000eb180000,0x00000000eb500000)
 ParOldGen       total 564736K, used 564623K [0x00000000c0000000, 0x00000000e2780000, 0x00000000eab00000)
  object space 564736K, 99% used [0x00000000c0000000,0x00000000e2763ef8,0x00000000e2780000)
 Metaspace       used 84896K, committed 86400K, reserved 1179648K
  class space    used 8152K, committed 8896K, reserved 1048576K
}
Event: 2323.846 GC heap after
{Heap after GC invocations=3007 (full 10):
 PSYoungGen      total 4608K, used 1396K [0x00000000eab00000, 0x00000000eb300000, 0x0000000100000000)
  eden space 3072K, 0% used [0x00000000eab00000,0x00000000eab00000,0x00000000eae00000)
  from space 1536K, 90% used [0x00000000eb180000,0x00000000eb2dd220,0x00000000eb300000)
  to   space 2048K, 0% used [0x00000000eaf00000,0x00000000eaf00000,0x00000000eb100000)
 ParOldGen       total 566784K, used 566587K [0x00000000c0000000, 0x00000000e2980000, 0x00000000eab00000)
  object space 566784K, 99% used [0x00000000c0000000,0x00000000e294ef08,0x00000000e2980000)
 Metaspace       used 84896K, committed 86400K, reserved 1179648K
  class space    used 8152K, committed 8896K, reserved 1048576K
}
Event: 2323.853 GC heap before
{Heap before GC invocations=3008 (full 10):
 PSYoungGen      total 4608K, used 4453K [0x00000000eab00000, 0x00000000eb300000, 0x0000000100000000)
  eden space 3072K, 99% used [0x00000000eab00000,0x00000000eadfc2e8,0x00000000eae00000)
  from space 1536K, 90% used [0x00000000eb180000,0x00000000eb2dd220,0x00000000eb300000)
  to   space 2048K, 0% used [0x00000000eaf00000,0x00000000eaf00000,0x00000000eb100000)
 ParOldGen       total 566784K, used 566587K [0x00000000c0000000, 0x00000000e2980000, 0x00000000eab00000)
  object space 566784K, 99% used [0x00000000c0000000,0x00000000e294ef08,0x00000000e2980000)
 Metaspace       used 84912K, committed 86464K, reserved 1179648K
  class space    used 8157K, committed 8896K, reserved 1048576K
}
Event: 2323.857 GC heap after
{Heap after GC invocations=3008 (full 10):
 PSYoungGen      total 5120K, used 937K [0x00000000eab00000, 0x00000000eb200000, 0x0000000100000000)
  eden space 4096K, 0% used [0x00000000eab00000,0x00000000eab00000,0x00000000eaf00000)
  from space 1024K, 91% used [0x00000000eaf00000,0x00000000eafea590,0x00000000eb000000)
  to   space 1536K, 0% used [0x00000000eb080000,0x00000000eb080000,0x00000000eb200000)
 ParOldGen       total 568320K, used 567832K [0x00000000c0000000, 0x00000000e2b00000, 0x00000000eab00000)
  object space 568320K, 99% used [0x00000000c0000000,0x00000000e2a86138,0x00000000e2b00000)
 Metaspace       used 84912K, committed 86464K, reserved 1179648K
  class space    used 8157K, committed 8896K, reserved 1048576K
}
Event: 2323.870 GC heap before
{Heap before GC invocations=3009 (full 10):
 PSYoungGen      total 5120K, used 4949K [0x00000000eab00000, 0x00000000eb200000, 0x0000000100000000)
  eden space 4096K, 97% used [0x00000000eab00000,0x00000000eaeeaff8,0x00000000eaf00000)
  from space 1024K, 91% used [0x00000000eaf00000,0x00000000eafea590,0x00000000eb000000)
  to   space 1536K, 0% used [0x00000000eb080000,0x00000000eb080000,0x00000000eb200000)
 ParOldGen       total 568320K, used 567832K [0x00000000c0000000, 0x00000000e2b00000, 0x00000000eab00000)
  object space 568320K, 99% used [0x00000000c0000000,0x00000000e2a86138,0x00000000e2b00000)
 Metaspace       used 84920K, committed 86464K, reserved 1179648K
  class space    used 8157K, committed 8896K, reserved 1048576K
}
Event: 2323.872 GC heap after
{Heap after GC invocations=3009 (full 10):
 PSYoungGen      total 6144K, used 859K [0x00000000eab00000, 0x00000000eb200000, 0x0000000100000000)
  eden space 4608K, 0% used [0x00000000eab00000,0x00000000eab00000,0x00000000eaf80000)
  from space 1536K, 55% used [0x00000000eb080000,0x00000000eb156c50,0x00000000eb200000)
  to   space 1024K, 0% used [0x00000000eaf80000,0x00000000eaf80000,0x00000000eb080000)
 ParOldGen       total 568832K, used 568568K [0x00000000c0000000, 0x00000000e2b80000, 0x00000000eab00000)
  object space 568832K, 99% used [0x00000000c0000000,0x00000000e2b3e168,0x00000000e2b80000)
 Metaspace       used 84920K, committed 86464K, reserved 1179648K
  class space    used 8157K, committed 8896K, reserved 1048576K
}
Event: 2323.888 GC heap before
{Heap before GC invocations=3010 (full 10):
 PSYoungGen      total 6144K, used 5451K [0x00000000eab00000, 0x00000000eb200000, 0x0000000100000000)
  eden space 4608K, 99% used [0x00000000eab00000,0x00000000eaf7c1e0,0x00000000eaf80000)
  from space 1536K, 55% used [0x00000000eb080000,0x00000000eb156c50,0x00000000eb200000)
  to   space 1024K, 0% used [0x00000000eaf80000,0x00000000eaf80000,0x00000000eb080000)
 ParOldGen       total 568832K, used 568568K [0x00000000c0000000, 0x00000000e2b80000, 0x00000000eab00000)
  object space 568832K, 99% used [0x00000000c0000000,0x00000000e2b3e168,0x00000000e2b80000)
 Metaspace       used 84920K, committed 86464K, reserved 1179648K
  class space    used 8157K, committed 8896K, reserved 1048576K
}
Event: 2323.891 GC heap after
{Heap after GC invocations=3010 (full 10):
 PSYoungGen      total 5632K, used 1014K [0x00000000eab00000, 0x00000000eb680000, 0x0000000100000000)
  eden space 4608K, 0% used [0x00000000eab00000,0x00000000eab00000,0x00000000eaf80000)
  from space 1024K, 99% used [0x00000000eaf80000,0x00000000eb07d968,0x00000000eb080000)
  to   space 3072K, 0% used [0x00000000eb380000,0x00000000eb380000,0x00000000eb680000)
 ParOldGen       total 570368K, used 570079K [0x00000000c0000000, 0x00000000e2d00000, 0x00000000eab00000)
  object space 570368K, 99% used [0x00000000c0000000,0x00000000e2cb7d20,0x00000000e2d00000)
 Metaspace       used 84920K, committed 86464K, reserved 1179648K
  class space    used 8157K, committed 8896K, reserved 1048576K
}
Event: 2323.904 GC heap before
{Heap before GC invocations=3011 (full 10):
 PSYoungGen      total 5632K, used 5110K [0x00000000eab00000, 0x00000000eb680000, 0x0000000100000000)
  eden space 4608K, 88% used [0x00000000eab00000,0x00000000eaf001e0,0x00000000eaf80000)
  from space 1024K, 99% used [0x00000000eaf80000,0x00000000eb07d968,0x00000000eb080000)
  to   space 3072K, 0% used [0x00000000eb380000,0x00000000eb380000,0x00000000eb680000)
 ParOldGen       total 570368K, used 570079K [0x00000000c0000000, 0x00000000e2d00000, 0x00000000eab00000)
  object space 570368K, 99% used [0x00000000c0000000,0x00000000e2cb7d20,0x00000000e2d00000)
 Metaspace       used 84920K, committed 86464K, reserved 1179648K
  class space    used 8157K, committed 8896K, reserved 1048576K
}
Event: 2323.908 GC heap after
{Heap after GC invocations=3011 (full 10):
 PSYoungGen      total 8704K, used 2695K [0x00000000eab00000, 0x00000000eb680000, 0x0000000100000000)
  eden space 5632K, 0% used [0x00000000eab00000,0x00000000eab00000,0x00000000eb080000)
  from space 3072K, 87% used [0x00000000eb380000,0x00000000eb621fe0,0x00000000eb680000)
  to   space 3072K, 0% used [0x00000000eb080000,0x00000000eb080000,0x00000000eb380000)
 ParOldGen       total 571392K, used 571207K [0x00000000c0000000, 0x00000000e2e00000, 0x00000000eab00000)
  object space 571392K, 99% used [0x00000000c0000000,0x00000000e2dd1d88,0x00000000e2e00000)
 Metaspace       used 84920K, committed 86464K, reserved 1179648K
  class space    used 8157K, committed 8896K, reserved 1048576K
}
Event: 2323.930 GC heap before
{Heap before GC invocations=3012 (full 10):
 PSYoungGen      total 8704K, used 8327K [0x00000000eab00000, 0x00000000eb680000, 0x0000000100000000)
  eden space 5632K, 99% used [0x00000000eab00000,0x00000000eb07fff0,0x00000000eb080000)
  from space 3072K, 87% used [0x00000000eb380000,0x00000000eb621fe0,0x00000000eb680000)
  to   space 3072K, 0% used [0x00000000eb080000,0x00000000eb080000,0x00000000eb380000)
 ParOldGen       total 571392K, used 571207K [0x00000000c0000000, 0x00000000e2e00000, 0x00000000eab00000)
  object space 571392K, 99% used [0x00000000c0000000,0x00000000e2dd1d88,0x00000000e2e00000)
 Metaspace       used 84920K, committed 86464K, reserved 1179648K
  class space    used 8157K, committed 8896K, reserved 1048576K
}
Event: 2323.941 GC heap after
{Heap after GC invocations=3012 (full 10):
 PSYoungGen      total 8704K, used 2985K [0x00000000eab00000, 0x00000000eb800000, 0x0000000100000000)
  eden space 5632K, 0% used [0x00000000eab00000,0x00000000eab00000,0x00000000eb080000)
  from space 3072K, 97% used [0x00000000eb080000,0x00000000eb36a5c0,0x00000000eb380000)
  to   space 3072K, 0% used [0x00000000eb500000,0x00000000eb500000,0x00000000eb800000)
 ParOldGen       total 574464K, used 574213K [0x00000000c0000000, 0x00000000e3100000, 0x00000000eab00000)
  object space 574464K, 99% used [0x00000000c0000000,0x00000000e30c1460,0x00000000e3100000)
 Metaspace       used 84920K, committed 86464K, reserved 1179648K
  class space    used 8157K, committed 8896K, reserved 1048576K
}
Event: 2323.994 GC heap before
{Heap before GC invocations=3013 (full 10):
 PSYoungGen      total 8704K, used 8617K [0x00000000eab00000, 0x00000000eb800000, 0x0000000100000000)
  eden space 5632K, 100% used [0x00000000eab00000,0x00000000eb080000,0x00000000eb080000)
  from space 3072K, 97% used [0x00000000eb080000,0x00000000eb36a5c0,0x00000000eb380000)
  to   space 3072K, 0% used [0x00000000eb500000,0x00000000eb500000,0x00000000eb800000)
 ParOldGen       total 574464K, used 574213K [0x00000000c0000000, 0x00000000e3100000, 0x00000000eab00000)
  object space 574464K, 99% used [0x00000000c0000000,0x00000000e30c1460,0x00000000e3100000)
 Metaspace       used 84923K, committed 86464K, reserved 1179648K
  class space    used 8157K, committed 8896K, reserved 1048576K
}
Event: 2324.003 GC heap after
{Heap after GC invocations=3013 (full 10):
 PSYoungGen      total 7680K, used 3064K [0x00000000eab00000, 0x00000000ebd00000, 0x0000000100000000)
  eden space 4608K, 0% used [0x00000000eab00000,0x00000000eab00000,0x00000000eaf80000)
  from space 3072K, 99% used [0x00000000eb500000,0x00000000eb7fe020,0x00000000eb800000)
  to   space 5632K, 0% used [0x00000000eaf80000,0x00000000eaf80000,0x00000000eb500000)
 ParOldGen       total 576512K, used 576350K [0x00000000c0000000, 0x00000000e3300000, 0x00000000eab00000)
  object space 576512K, 99% used [0x00000000c0000000,0x00000000e32d7ae8,0x00000000e3300000)
 Metaspace       used 84923K, committed 86464K, reserved 1179648K
  class space    used 8157K, committed 8896K, reserved 1048576K
}
Event: 2324.088 GC heap before
{Heap before GC invocations=3014 (full 10):
 PSYoungGen      total 7680K, used 7672K [0x00000000eab00000, 0x00000000ebd00000, 0x0000000100000000)
  eden space 4608K, 100% used [0x00000000eab00000,0x00000000eaf80000,0x00000000eaf80000)
  from space 3072K, 99% used [0x00000000eb500000,0x00000000eb7fe020,0x00000000eb800000)
  to   space 5632K, 0% used [0x00000000eaf80000,0x00000000eaf80000,0x00000000eb500000)
 ParOldGen       total 576512K, used 576350K [0x00000000c0000000, 0x00000000e3300000, 0x00000000eab00000)
  object space 576512K, 99% used [0x00000000c0000000,0x00000000e32d7ae8,0x00000000e3300000)
 Metaspace       used 84931K, committed 86464K, reserved 1179648K
  class space    used 8157K, committed 8896K, reserved 1048576K
}
Event: 2324.095 GC heap after
{Heap after GC invocations=3014 (full 10):
 PSYoungGen      total 6144K, used 1120K [0x00000000eab00000, 0x00000000eb680000, 0x0000000100000000)
  eden space 4608K, 0% used [0x00000000eab00000,0x00000000eab00000,0x00000000eaf80000)
  from space 1536K, 72% used [0x00000000eaf80000,0x00000000eb098000,0x00000000eb100000)
  to   space 3072K, 0% used [0x00000000eb380000,0x00000000eb380000,0x00000000eb680000)
 ParOldGen       total 579584K, used 579424K [0x00000000c0000000, 0x00000000e3600000, 0x00000000eab00000)
  object space 579584K, 99% used [0x00000000c0000000,0x00000000e35d8010,0x00000000e3600000)
 Metaspace       used 84931K, committed 86464K, reserved 1179648K
  class space    used 8157K, committed 8896K, reserved 1048576K
}

